{"/Users/franciscoterpolilli/ai-engine/api-server.js": {"path":"/Users/franciscoterpolilli/ai-engine/api-server.js","statementMap":{"0":{"start":{"line":6,"column":16},"end":{"line":6,"column":34}},"1":{"start":{"line":7,"column":13},"end":{"line":7,"column":28}},"2":{"start":{"line":8,"column":14},"end":{"line":8,"column":30}},"3":{"start":{"line":9,"column":25},"end":{"line":9,"column":55}},"4":{"start":{"line":10,"column":0},"end":{"line":10,"column":27}},"5":{"start":{"line":11,"column":13},"end":{"line":11,"column":28}},"6":{"start":{"line":13,"column":12},"end":{"line":13,"column":21}},"7":{"start":{"line":14,"column":13},"end":{"line":14,"column":37}},"8":{"start":{"line":16,"column":0},"end":{"line":16,"column":16}},"9":{"start":{"line":17,"column":0},"end":{"line":17,"column":24}},"10":{"start":{"line":18,"column":0},"end":{"line":18,"column":34}},"11":{"start":{"line":21,"column":21},"end":{"line":21,"column":53}},"12":{"start":{"line":22,"column":15},"end":{"line":22,"column":33}},"13":{"start":{"line":25,"column":0},"end":{"line":30,"column":1}},"14":{"start":{"line":26,"column":4},"end":{"line":26,"column":68}},"15":{"start":{"line":28,"column":4},"end":{"line":28,"column":81}},"16":{"start":{"line":29,"column":4},"end":{"line":29,"column":56}},"17":{"start":{"line":33,"column":21},"end":{"line":41,"column":2}},"18":{"start":{"line":44,"column":0},"end":{"line":44,"column":86}},"19":{"start":{"line":48,"column":18},"end":{"line":48,"column":66}},"20":{"start":{"line":49,"column":4},"end":{"line":49,"column":54}},"21":{"start":{"line":49,"column":16},"end":{"line":49,"column":54}},"22":{"start":{"line":50,"column":4},"end":{"line":50,"column":47}},"23":{"start":{"line":54,"column":0},"end":{"line":195,"column":3}},"24":{"start":{"line":55,"column":22},"end":{"line":55,"column":32}},"25":{"start":{"line":57,"column":4},"end":{"line":194,"column":5}},"26":{"start":{"line":58,"column":28},"end":{"line":58,"column":36}},"27":{"start":{"line":59,"column":8},"end":{"line":61,"column":9}},"28":{"start":{"line":60,"column":12},"end":{"line":60,"column":74}},"29":{"start":{"line":63,"column":8},"end":{"line":63,"column":65}},"30":{"start":{"line":66,"column":32},"end":{"line":66,"column":53}},"31":{"start":{"line":69,"column":8},"end":{"line":69,"column":63}},"32":{"start":{"line":70,"column":29},"end":{"line":70,"column":78}},"33":{"start":{"line":71,"column":25},"end":{"line":71,"column":42}},"34":{"start":{"line":74,"column":8},"end":{"line":74,"column":57}},"35":{"start":{"line":75,"column":37},"end":{"line":75,"column":99}},"36":{"start":{"line":76,"column":29},"end":{"line":76,"column":67}},"37":{"start":{"line":79,"column":8},"end":{"line":79,"column":60}},"38":{"start":{"line":80,"column":35},"end":{"line":80,"column":105}},"39":{"start":{"line":81,"column":27},"end":{"line":81,"column":50}},"40":{"start":{"line":84,"column":8},"end":{"line":84,"column":55}},"41":{"start":{"line":87,"column":26},"end":{"line":87,"column":87}},"42":{"start":{"line":87,"column":58},"end":{"line":87,"column":68}},"43":{"start":{"line":88,"column":26},"end":{"line":88,"column":79}},"44":{"start":{"line":88,"column":62},"end":{"line":88,"column":76}},"45":{"start":{"line":89,"column":27},"end":{"line":89,"column":85}},"46":{"start":{"line":89,"column":57},"end":{"line":89,"column":81}},"47":{"start":{"line":91,"column":35},"end":{"line":94,"column":56}},"48":{"start":{"line":97,"column":28},"end":{"line":97,"column":76}},"49":{"start":{"line":100,"column":8},"end":{"line":100,"column":61}},"50":{"start":{"line":102,"column":30},"end":{"line":106,"column":9}},"51":{"start":{"line":108,"column":31},"end":{"line":119,"column":9}},"52":{"start":{"line":121,"column":33},"end":{"line":121,"column":97}},"53":{"start":{"line":124,"column":25},"end":{"line":166,"column":9}},"54":{"start":{"line":143,"column":67},"end":{"line":148,"column":17}},"55":{"start":{"line":150,"column":73},"end":{"line":154,"column":13}},"56":{"start":{"line":155,"column":65},"end":{"line":160,"column":13}},"57":{"start":{"line":168,"column":8},"end":{"line":168,"column":81}},"58":{"start":{"line":169,"column":8},"end":{"line":169,"column":27}},"59":{"start":{"line":172,"column":8},"end":{"line":172,"column":55}},"60":{"start":{"line":173,"column":8},"end":{"line":178,"column":11}},"61":{"start":{"line":180,"column":29},"end":{"line":186,"column":27}},"62":{"start":{"line":188,"column":8},"end":{"line":193,"column":11}},"63":{"start":{"line":198,"column":0},"end":{"line":208,"column":3}},"64":{"start":{"line":199,"column":4},"end":{"line":207,"column":7}},"65":{"start":{"line":211,"column":0},"end":{"line":230,"column":3}},"66":{"start":{"line":213,"column":4},"end":{"line":229,"column":5}},"67":{"start":{"line":214,"column":8},"end":{"line":214,"column":67}},"68":{"start":{"line":217,"column":8},"end":{"line":228,"column":11}},"69":{"start":{"line":233,"column":0},"end":{"line":252,"column":1}},"70":{"start":{"line":234,"column":4},"end":{"line":251,"column":7}},"71":{"start":{"line":235,"column":8},"end":{"line":235,"column":74}},"72":{"start":{"line":236,"column":8},"end":{"line":236,"column":60}},"73":{"start":{"line":237,"column":8},"end":{"line":237,"column":74}},"74":{"start":{"line":238,"column":8},"end":{"line":238,"column":59}},"75":{"start":{"line":239,"column":8},"end":{"line":239,"column":73}},"76":{"start":{"line":240,"column":8},"end":{"line":240,"column":71}},"77":{"start":{"line":241,"column":8},"end":{"line":241,"column":39}},"78":{"start":{"line":242,"column":8},"end":{"line":242,"column":58}},"79":{"start":{"line":243,"column":8},"end":{"line":243,"column":51}},"80":{"start":{"line":244,"column":8},"end":{"line":244,"column":48}},"81":{"start":{"line":245,"column":8},"end":{"line":245,"column":52}},"82":{"start":{"line":246,"column":8},"end":{"line":246,"column":35}},"83":{"start":{"line":247,"column":8},"end":{"line":247,"column":72}},"84":{"start":{"line":248,"column":8},"end":{"line":248,"column":64}},"85":{"start":{"line":249,"column":8},"end":{"line":249,"column":79}},"86":{"start":{"line":250,"column":8},"end":{"line":250,"column":52}},"87":{"start":{"line":254,"column":0},"end":{"line":254,"column":21}}},"fnMap":{"0":{"name":"parseRepoUrl","decl":{"start":{"line":47,"column":9},"end":{"line":47,"column":21}},"loc":{"start":{"line":47,"column":31},"end":{"line":51,"column":1}},"line":47},"1":{"name":"(anonymous_1)","decl":{"start":{"line":54,"column":21},"end":{"line":54,"column":22}},"loc":{"start":{"line":54,"column":41},"end":{"line":195,"column":1}},"line":54},"2":{"name":"(anonymous_2)","decl":{"start":{"line":87,"column":53},"end":{"line":87,"column":54}},"loc":{"start":{"line":87,"column":58},"end":{"line":87,"column":68}},"line":87},"3":{"name":"(anonymous_3)","decl":{"start":{"line":88,"column":57},"end":{"line":88,"column":58}},"loc":{"start":{"line":88,"column":62},"end":{"line":88,"column":76}},"line":88},"4":{"name":"(anonymous_4)","decl":{"start":{"line":89,"column":45},"end":{"line":89,"column":46}},"loc":{"start":{"line":89,"column":57},"end":{"line":89,"column":81}},"line":89},"5":{"name":"(anonymous_5)","decl":{"start":{"line":143,"column":61},"end":{"line":143,"column":62}},"loc":{"start":{"line":143,"column":67},"end":{"line":148,"column":17}},"line":143},"6":{"name":"(anonymous_6)","decl":{"start":{"line":150,"column":64},"end":{"line":150,"column":65}},"loc":{"start":{"line":150,"column":73},"end":{"line":154,"column":13}},"line":150},"7":{"name":"(anonymous_7)","decl":{"start":{"line":155,"column":59},"end":{"line":155,"column":60}},"loc":{"start":{"line":155,"column":65},"end":{"line":160,"column":13}},"line":155},"8":{"name":"(anonymous_8)","decl":{"start":{"line":198,"column":19},"end":{"line":198,"column":20}},"loc":{"start":{"line":198,"column":33},"end":{"line":208,"column":1}},"line":198},"9":{"name":"(anonymous_9)","decl":{"start":{"line":211,"column":13},"end":{"line":211,"column":14}},"loc":{"start":{"line":211,"column":27},"end":{"line":230,"column":1}},"line":211},"10":{"name":"(anonymous_10)","decl":{"start":{"line":234,"column":21},"end":{"line":234,"column":22}},"loc":{"start":{"line":234,"column":27},"end":{"line":251,"column":5}},"line":234}},"branchMap":{"0":{"loc":{"start":{"line":14,"column":13},"end":{"line":14,"column":37}},"type":"binary-expr","locations":[{"start":{"line":14,"column":13},"end":{"line":14,"column":29}},{"start":{"line":14,"column":33},"end":{"line":14,"column":37}}],"line":14},"1":{"loc":{"start":{"line":25,"column":0},"end":{"line":30,"column":1}},"type":"if","locations":[{"start":{"line":25,"column":0},"end":{"line":30,"column":1}},{"start":{"line":27,"column":7},"end":{"line":30,"column":1}}],"line":25},"2":{"loc":{"start":{"line":49,"column":4},"end":{"line":49,"column":54}},"type":"if","locations":[{"start":{"line":49,"column":4},"end":{"line":49,"column":54}},{"start":{},"end":{}}],"line":49},"3":{"loc":{"start":{"line":59,"column":8},"end":{"line":61,"column":9}},"type":"if","locations":[{"start":{"line":59,"column":8},"end":{"line":61,"column":9}},{"start":{},"end":{}}],"line":59},"4":{"loc":{"start":{"line":88,"column":62},"end":{"line":88,"column":76}},"type":"binary-expr","locations":[{"start":{"line":88,"column":62},"end":{"line":88,"column":70}},{"start":{"line":88,"column":74},"end":{"line":88,"column":76}}],"line":88},"5":{"loc":{"start":{"line":131,"column":24},"end":{"line":131,"column":45}},"type":"binary-expr","locations":[{"start":{"line":131,"column":24},"end":{"line":131,"column":39}},{"start":{"line":131,"column":43},"end":{"line":131,"column":45}}],"line":131},"6":{"loc":{"start":{"line":180,"column":29},"end":{"line":186,"column":27}},"type":"cond-expr","locations":[{"start":{"line":181,"column":14},"end":{"line":181,"column":60}},{"start":{"line":182,"column":14},"end":{"line":186,"column":27}}],"line":180},"7":{"loc":{"start":{"line":182,"column":14},"end":{"line":186,"column":27}},"type":"cond-expr","locations":[{"start":{"line":183,"column":14},"end":{"line":183,"column":36}},{"start":{"line":184,"column":14},"end":{"line":186,"column":27}}],"line":182},"8":{"loc":{"start":{"line":184,"column":14},"end":{"line":186,"column":27}},"type":"cond-expr","locations":[{"start":{"line":185,"column":14},"end":{"line":185,"column":46}},{"start":{"line":186,"column":14},"end":{"line":186,"column":27}}],"line":184},"9":{"loc":{"start":{"line":213,"column":4},"end":{"line":229,"column":5}},"type":"if","locations":[{"start":{"line":213,"column":4},"end":{"line":229,"column":5}},{"start":{"line":215,"column":11},"end":{"line":229,"column":5}}],"line":213},"10":{"loc":{"start":{"line":213,"column":8},"end":{"line":213,"column":70}},"type":"binary-expr","locations":[{"start":{"line":213,"column":8},"end":{"line":213,"column":26}},{"start":{"line":213,"column":30},"end":{"line":213,"column":70}}],"line":213},"11":{"loc":{"start":{"line":233,"column":0},"end":{"line":252,"column":1}},"type":"if","locations":[{"start":{"line":233,"column":0},"end":{"line":252,"column":1}},{"start":{},"end":{}}],"line":233}},"s":{"0":1,"1":1,"2":1,"3":1,"4":1,"5":1,"6":1,"7":1,"8":1,"9":1,"10":1,"11":1,"12":1,"13":1,"14":0,"15":1,"16":1,"17":1,"18":1,"19":1,"20":1,"21":1,"22":0,"23":1,"24":2,"25":2,"26":2,"27":2,"28":1,"29":1,"30":1,"31":0,"32":0,"33":0,"34":0,"35":0,"36":0,"37":0,"38":0,"39":0,"40":0,"41":0,"42":0,"43":0,"44":0,"45":0,"46":0,"47":0,"48":0,"49":0,"50":0,"51":0,"52":0,"53":0,"54":0,"55":0,"56":0,"57":0,"58":0,"59":1,"60":1,"61":1,"62":1,"63":1,"64":1,"65":1,"66":0,"67":0,"68":0,"69":1,"70":0,"71":0,"72":0,"73":0,"74":0,"75":0,"76":0,"77":0,"78":0,"79":0,"80":0,"81":0,"82":0,"83":0,"84":0,"85":0,"86":0,"87":1},"f":{"0":1,"1":2,"2":0,"3":0,"4":0,"5":0,"6":0,"7":0,"8":1,"9":0,"10":0},"b":{"0":[1,0],"1":[0,1],"2":[1,0],"3":[1,1],"4":[0,0],"5":[0,0],"6":[0,1],"7":[0,1],"8":[0,1],"9":[0,0],"10":[0,0],"11":[0,1]},"_coverageSchema":"1a1c01bbd47fc00a2c39e90264f33305004495a9","hash":"4e901417adb2efa95b2a714a82bfb38e17fb0ce0"}
,"/Users/franciscoterpolilli/ai-engine/company-profile-server.js": {"path":"/Users/franciscoterpolilli/ai-engine/company-profile-server.js","statementMap":{"0":{"start":{"line":5,"column":16},"end":{"line":5,"column":34}},"1":{"start":{"line":6,"column":13},"end":{"line":6,"column":28}},"2":{"start":{"line":7,"column":14},"end":{"line":7,"column":30}},"3":{"start":{"line":8,"column":25},"end":{"line":8,"column":55}},"4":{"start":{"line":9,"column":0},"end":{"line":9,"column":27}},"5":{"start":{"line":11,"column":12},"end":{"line":11,"column":21}},"6":{"start":{"line":12,"column":13},"end":{"line":12,"column":37}},"7":{"start":{"line":14,"column":0},"end":{"line":14,"column":16}},"8":{"start":{"line":15,"column":0},"end":{"line":15,"column":24}},"9":{"start":{"line":18,"column":21},"end":{"line":18,"column":45}},"10":{"start":{"line":19,"column":23},"end":{"line":19,"column":79}},"11":{"start":{"line":22,"column":21},"end":{"line":30,"column":2}},"12":{"start":{"line":33,"column":15},"end":{"line":33,"column":33}},"13":{"start":{"line":37,"column":4},"end":{"line":37,"column":67}},"14":{"start":{"line":37,"column":16},"end":{"line":37,"column":67}},"15":{"start":{"line":40,"column":4},"end":{"line":42,"column":5}},"16":{"start":{"line":41,"column":8},"end":{"line":41,"column":28}},"17":{"start":{"line":45,"column":21},"end":{"line":48,"column":5}},"18":{"start":{"line":50,"column":4},"end":{"line":55,"column":5}},"19":{"start":{"line":51,"column":22},"end":{"line":51,"column":42}},"20":{"start":{"line":52,"column":8},"end":{"line":54,"column":9}},"21":{"start":{"line":53,"column":12},"end":{"line":53,"column":28}},"22":{"start":{"line":57,"column":4},"end":{"line":57,"column":61}},"23":{"start":{"line":62,"column":4},"end":{"line":62,"column":71}},"24":{"start":{"line":64,"column":4},"end":{"line":134,"column":5}},"25":{"start":{"line":66,"column":29},"end":{"line":66,"column":73}},"26":{"start":{"line":67,"column":22},"end":{"line":67,"column":63}},"27":{"start":{"line":70,"column":30},"end":{"line":78,"column":10}},"28":{"start":{"line":80,"column":29},"end":{"line":80,"column":31}},"29":{"start":{"line":81,"column":8},"end":{"line":110,"column":9}},"30":{"start":{"line":83,"column":32},"end":{"line":94,"column":13}},"31":{"start":{"line":97,"column":12},"end":{"line":107,"column":13}},"32":{"start":{"line":98,"column":16},"end":{"line":106,"column":17}},"33":{"start":{"line":99,"column":43},"end":{"line":99,"column":100}},"34":{"start":{"line":100,"column":20},"end":{"line":103,"column":21}},"35":{"start":{"line":101,"column":24},"end":{"line":102,"column":66}},"36":{"start":{"line":105,"column":20},"end":{"line":105,"column":76}},"37":{"start":{"line":109,"column":12},"end":{"line":109,"column":43}},"38":{"start":{"line":112,"column":8},"end":{"line":112,"column":93}},"39":{"start":{"line":114,"column":8},"end":{"line":129,"column":10}},"40":{"start":{"line":132,"column":8},"end":{"line":132,"column":97}},"41":{"start":{"line":133,"column":8},"end":{"line":133,"column":20}},"42":{"start":{"line":139,"column":4},"end":{"line":139,"column":66}},"43":{"start":{"line":141,"column":4},"end":{"line":195,"column":5}},"44":{"start":{"line":143,"column":26},"end":{"line":143,"column":89}},"45":{"start":{"line":143,"column":60},"end":{"line":143,"column":70}},"46":{"start":{"line":144,"column":26},"end":{"line":144,"column":81}},"47":{"start":{"line":144,"column":64},"end":{"line":144,"column":78}},"48":{"start":{"line":145,"column":27},"end":{"line":145,"column":83}},"49":{"start":{"line":145,"column":59},"end":{"line":145,"column":79}},"50":{"start":{"line":146,"column":27},"end":{"line":146,"column":83}},"51":{"start":{"line":146,"column":59},"end":{"line":146,"column":79}},"52":{"start":{"line":148,"column":35},"end":{"line":152,"column":88}},"53":{"start":{"line":152,"column":67},"end":{"line":152,"column":73}},"54":{"start":{"line":155,"column":28},"end":{"line":155,"column":76}},"55":{"start":{"line":157,"column":8},"end":{"line":157,"column":68}},"56":{"start":{"line":159,"column":8},"end":{"line":174,"column":10}},"57":{"start":{"line":165,"column":16},"end":{"line":167,"column":17}},"58":{"start":{"line":166,"column":20},"end":{"line":166,"column":71}},"59":{"start":{"line":168,"column":16},"end":{"line":168,"column":27}},"60":{"start":{"line":177,"column":8},"end":{"line":177,"column":80}},"61":{"start":{"line":179,"column":26},"end":{"line":179,"column":89}},"62":{"start":{"line":179,"column":60},"end":{"line":179,"column":70}},"63":{"start":{"line":180,"column":8},"end":{"line":194,"column":10}},"64":{"start":{"line":183,"column":63},"end":{"line":183,"column":77}},"65":{"start":{"line":186,"column":16},"end":{"line":188,"column":17}},"66":{"start":{"line":187,"column":20},"end":{"line":187,"column":71}},"67":{"start":{"line":189,"column":16},"end":{"line":189,"column":27}},"68":{"start":{"line":191,"column":60},"end":{"line":191,"column":83}},"69":{"start":{"line":192,"column":60},"end":{"line":192,"column":83}},"70":{"start":{"line":200,"column":4},"end":{"line":200,"column":80}},"71":{"start":{"line":202,"column":4},"end":{"line":241,"column":5}},"72":{"start":{"line":204,"column":30},"end":{"line":209,"column":9}},"73":{"start":{"line":212,"column":31},"end":{"line":221,"column":9}},"74":{"start":{"line":224,"column":33},"end":{"line":224,"column":97}},"75":{"start":{"line":227,"column":33},"end":{"line":232,"column":11}},"76":{"start":{"line":227,"column":81},"end":{"line":232,"column":9}},"77":{"start":{"line":234,"column":8},"end":{"line":234,"column":105}},"78":{"start":{"line":235,"column":8},"end":{"line":235,"column":32}},"79":{"start":{"line":238,"column":8},"end":{"line":238,"column":80}},"80":{"start":{"line":240,"column":8},"end":{"line":240,"column":65}},"81":{"start":{"line":246,"column":29},"end":{"line":246,"column":31}},"82":{"start":{"line":249,"column":33},"end":{"line":267,"column":5}},"83":{"start":{"line":270,"column":4},"end":{"line":272,"column":5}},"84":{"start":{"line":271,"column":8},"end":{"line":271,"column":74}},"85":{"start":{"line":275,"column":30},"end":{"line":280,"column":5}},"86":{"start":{"line":282,"column":4},"end":{"line":286,"column":5}},"87":{"start":{"line":283,"column":8},"end":{"line":285,"column":9}},"88":{"start":{"line":284,"column":12},"end":{"line":284,"column":63}},"89":{"start":{"line":289,"column":28},"end":{"line":289,"column":30}},"90":{"start":{"line":290,"column":17},"end":{"line":290,"column":26}},"91":{"start":{"line":292,"column":4},"end":{"line":301,"column":5}},"92":{"start":{"line":293,"column":8},"end":{"line":300,"column":9}},"93":{"start":{"line":294,"column":12},"end":{"line":294,"column":38}},"94":{"start":{"line":295,"column":12},"end":{"line":299,"column":15}},"95":{"start":{"line":303,"column":4},"end":{"line":303,"column":43}},"96":{"start":{"line":307,"column":0},"end":{"line":371,"column":3}},"97":{"start":{"line":308,"column":22},"end":{"line":308,"column":32}},"98":{"start":{"line":310,"column":4},"end":{"line":370,"column":5}},"99":{"start":{"line":311,"column":72},"end":{"line":311,"column":80}},"100":{"start":{"line":313,"column":8},"end":{"line":318,"column":9}},"101":{"start":{"line":314,"column":12},"end":{"line":317,"column":15}},"102":{"start":{"line":320,"column":8},"end":{"line":320,"column":84}},"103":{"start":{"line":323,"column":25},"end":{"line":323,"column":59}},"104":{"start":{"line":324,"column":8},"end":{"line":324,"column":65}},"105":{"start":{"line":327,"column":28},"end":{"line":327,"column":70}},"106":{"start":{"line":330,"column":31},"end":{"line":330,"column":94}},"107":{"start":{"line":333,"column":31},"end":{"line":333,"column":33}},"108":{"start":{"line":334,"column":8},"end":{"line":337,"column":9}},"109":{"start":{"line":335,"column":28},"end":{"line":335,"column":55}},"110":{"start":{"line":336,"column":12},"end":{"line":336,"column":74}},"111":{"start":{"line":339,"column":25},"end":{"line":339,"column":47}},"112":{"start":{"line":340,"column":8},"end":{"line":340,"column":77}},"113":{"start":{"line":342,"column":8},"end":{"line":361,"column":11}},"114":{"start":{"line":364,"column":8},"end":{"line":364,"column":65}},"115":{"start":{"line":365,"column":8},"end":{"line":369,"column":11}},"116":{"start":{"line":374,"column":0},"end":{"line":435,"column":3}},"117":{"start":{"line":375,"column":22},"end":{"line":375,"column":32}},"118":{"start":{"line":377,"column":4},"end":{"line":434,"column":5}},"119":{"start":{"line":378,"column":40},"end":{"line":378,"column":48}},"120":{"start":{"line":380,"column":8},"end":{"line":385,"column":9}},"121":{"start":{"line":381,"column":12},"end":{"line":384,"column":15}},"122":{"start":{"line":387,"column":8},"end":{"line":387,"column":82}},"123":{"start":{"line":390,"column":25},"end":{"line":390,"column":73}},"124":{"start":{"line":391,"column":8},"end":{"line":393,"column":9}},"125":{"start":{"line":392,"column":12},"end":{"line":392,"column":61}},"126":{"start":{"line":395,"column":36},"end":{"line":395,"column":44}},"127":{"start":{"line":398,"column":29},"end":{"line":398,"column":82}},"128":{"start":{"line":399,"column":25},"end":{"line":408,"column":9}},"129":{"start":{"line":411,"column":33},"end":{"line":411,"column":76}},"130":{"start":{"line":413,"column":25},"end":{"line":413,"column":47}},"131":{"start":{"line":414,"column":8},"end":{"line":414,"column":108}},"132":{"start":{"line":416,"column":8},"end":{"line":425,"column":11}},"133":{"start":{"line":428,"column":8},"end":{"line":428,"column":64}},"134":{"start":{"line":429,"column":8},"end":{"line":433,"column":11}},"135":{"start":{"line":438,"column":0},"end":{"line":459,"column":3}},"136":{"start":{"line":439,"column":25},"end":{"line":447,"column":5}},"137":{"start":{"line":450,"column":4},"end":{"line":456,"column":5}},"138":{"start":{"line":451,"column":26},"end":{"line":451,"column":75}},"139":{"start":{"line":452,"column":8},"end":{"line":452,"column":72}},"140":{"start":{"line":453,"column":8},"end":{"line":453,"column":47}},"141":{"start":{"line":455,"column":8},"end":{"line":455,"column":69}},"142":{"start":{"line":458,"column":4},"end":{"line":458,"column":27}},"143":{"start":{"line":462,"column":0},"end":{"line":510,"column":3}},"144":{"start":{"line":463,"column":4},"end":{"line":509,"column":5}},"145":{"start":{"line":464,"column":29},"end":{"line":475,"column":10}},"146":{"start":{"line":477,"column":8},"end":{"line":497,"column":11}},"147":{"start":{"line":500,"column":8},"end":{"line":508,"column":11}},"148":{"start":{"line":513,"column":0},"end":{"line":544,"column":3}},"149":{"start":{"line":514,"column":4},"end":{"line":514,"column":72}},"150":{"start":{"line":515,"column":4},"end":{"line":515,"column":62}},"151":{"start":{"line":516,"column":4},"end":{"line":516,"column":72}},"152":{"start":{"line":518,"column":4},"end":{"line":518,"column":55}},"153":{"start":{"line":519,"column":4},"end":{"line":519,"column":86}},"154":{"start":{"line":520,"column":4},"end":{"line":520,"column":88}},"155":{"start":{"line":521,"column":4},"end":{"line":521,"column":67}},"156":{"start":{"line":522,"column":4},"end":{"line":522,"column":64}},"157":{"start":{"line":524,"column":4},"end":{"line":524,"column":39}},"158":{"start":{"line":525,"column":4},"end":{"line":525,"column":98}},"159":{"start":{"line":526,"column":4},"end":{"line":526,"column":84}},"160":{"start":{"line":527,"column":4},"end":{"line":527,"column":60}},"161":{"start":{"line":528,"column":4},"end":{"line":528,"column":61}},"162":{"start":{"line":529,"column":4},"end":{"line":529,"column":61}},"163":{"start":{"line":531,"column":4},"end":{"line":531,"column":31}},"164":{"start":{"line":532,"column":4},"end":{"line":532,"column":57}},"165":{"start":{"line":533,"column":4},"end":{"line":533,"column":51}},"166":{"start":{"line":534,"column":4},"end":{"line":534,"column":56}},"167":{"start":{"line":535,"column":4},"end":{"line":535,"column":55}},"168":{"start":{"line":536,"column":4},"end":{"line":536,"column":53}},"169":{"start":{"line":538,"column":4},"end":{"line":538,"column":37}},"170":{"start":{"line":539,"column":4},"end":{"line":539,"column":76}},"171":{"start":{"line":540,"column":4},"end":{"line":540,"column":60}},"172":{"start":{"line":541,"column":4},"end":{"line":541,"column":69}},"173":{"start":{"line":543,"column":4},"end":{"line":543,"column":55}}},"fnMap":{"0":{"name":"extractGitHubUsername","decl":{"start":{"line":36,"column":9},"end":{"line":36,"column":30}},"loc":{"start":{"line":36,"column":38},"end":{"line":58,"column":1}},"line":36},"1":{"name":"getCompanyRepositories","decl":{"start":{"line":61,"column":15},"end":{"line":61,"column":37}},"loc":{"start":{"line":61,"column":60},"end":{"line":135,"column":1}},"line":61},"2":{"name":"analyzeCompanyProfile","decl":{"start":{"line":138,"column":15},"end":{"line":138,"column":36}},"loc":{"start":{"line":138,"column":61},"end":{"line":196,"column":1}},"line":138},"3":{"name":"(anonymous_3)","decl":{"start":{"line":143,"column":55},"end":{"line":143,"column":56}},"loc":{"start":{"line":143,"column":60},"end":{"line":143,"column":70}},"line":143},"4":{"name":"(anonymous_4)","decl":{"start":{"line":144,"column":59},"end":{"line":144,"column":60}},"loc":{"start":{"line":144,"column":64},"end":{"line":144,"column":78}},"line":144},"5":{"name":"(anonymous_5)","decl":{"start":{"line":145,"column":47},"end":{"line":145,"column":48}},"loc":{"start":{"line":145,"column":59},"end":{"line":145,"column":79}},"line":145},"6":{"name":"(anonymous_6)","decl":{"start":{"line":146,"column":47},"end":{"line":146,"column":48}},"loc":{"start":{"line":146,"column":59},"end":{"line":146,"column":79}},"line":146},"7":{"name":"(anonymous_7)","decl":{"start":{"line":152,"column":62},"end":{"line":152,"column":63}},"loc":{"start":{"line":152,"column":67},"end":{"line":152,"column":73}},"line":152},"8":{"name":"(anonymous_8)","decl":{"start":{"line":164,"column":51},"end":{"line":164,"column":52}},"loc":{"start":{"line":164,"column":66},"end":{"line":169,"column":13}},"line":164},"9":{"name":"(anonymous_9)","decl":{"start":{"line":179,"column":55},"end":{"line":179,"column":56}},"loc":{"start":{"line":179,"column":60},"end":{"line":179,"column":70}},"line":179},"10":{"name":"(anonymous_10)","decl":{"start":{"line":183,"column":58},"end":{"line":183,"column":59}},"loc":{"start":{"line":183,"column":63},"end":{"line":183,"column":77}},"line":183},"11":{"name":"(anonymous_11)","decl":{"start":{"line":185,"column":51},"end":{"line":185,"column":52}},"loc":{"start":{"line":185,"column":66},"end":{"line":190,"column":13}},"line":185},"12":{"name":"(anonymous_12)","decl":{"start":{"line":191,"column":45},"end":{"line":191,"column":46}},"loc":{"start":{"line":191,"column":60},"end":{"line":191,"column":83}},"line":191},"13":{"name":"(anonymous_13)","decl":{"start":{"line":192,"column":45},"end":{"line":192,"column":46}},"loc":{"start":{"line":192,"column":60},"end":{"line":192,"column":83}},"line":192},"14":{"name":"findSimilarCompanies","decl":{"start":{"line":199,"column":15},"end":{"line":199,"column":35}},"loc":{"start":{"line":199,"column":58},"end":{"line":242,"column":1}},"line":199},"15":{"name":"(anonymous_15)","decl":{"start":{"line":227,"column":70},"end":{"line":227,"column":71}},"loc":{"start":{"line":227,"column":81},"end":{"line":232,"column":9}},"line":227},"16":{"name":"generateFallbackSimilarCompanies","decl":{"start":{"line":245,"column":9},"end":{"line":245,"column":41}},"loc":{"start":{"line":245,"column":59},"end":{"line":304,"column":1}},"line":245},"17":{"name":"(anonymous_17)","decl":{"start":{"line":307,"column":29},"end":{"line":307,"column":30}},"loc":{"start":{"line":307,"column":49},"end":{"line":371,"column":1}},"line":307},"18":{"name":"(anonymous_18)","decl":{"start":{"line":374,"column":31},"end":{"line":374,"column":32}},"loc":{"start":{"line":374,"column":51},"end":{"line":435,"column":1}},"line":374},"19":{"name":"(anonymous_19)","decl":{"start":{"line":438,"column":19},"end":{"line":438,"column":20}},"loc":{"start":{"line":438,"column":39},"end":{"line":459,"column":1}},"line":438},"20":{"name":"(anonymous_20)","decl":{"start":{"line":462,"column":17},"end":{"line":462,"column":18}},"loc":{"start":{"line":462,"column":37},"end":{"line":510,"column":1}},"line":462},"21":{"name":"(anonymous_21)","decl":{"start":{"line":513,"column":17},"end":{"line":513,"column":18}},"loc":{"start":{"line":513,"column":23},"end":{"line":544,"column":1}},"line":513}},"branchMap":{"0":{"loc":{"start":{"line":12,"column":13},"end":{"line":12,"column":37}},"type":"binary-expr","locations":[{"start":{"line":12,"column":13},"end":{"line":12,"column":29}},{"start":{"line":12,"column":33},"end":{"line":12,"column":37}}],"line":12},"1":{"loc":{"start":{"line":19,"column":23},"end":{"line":19,"column":79}},"type":"binary-expr","locations":[{"start":{"line":19,"column":23},"end":{"line":19,"column":49}},{"start":{"line":19,"column":53},"end":{"line":19,"column":79}}],"line":19},"2":{"loc":{"start":{"line":37,"column":4},"end":{"line":37,"column":67}},"type":"if","locations":[{"start":{"line":37,"column":4},"end":{"line":37,"column":67}},{"start":{},"end":{}}],"line":37},"3":{"loc":{"start":{"line":40,"column":4},"end":{"line":42,"column":5}},"type":"if","locations":[{"start":{"line":40,"column":4},"end":{"line":42,"column":5}},{"start":{},"end":{}}],"line":40},"4":{"loc":{"start":{"line":52,"column":8},"end":{"line":54,"column":9}},"type":"if","locations":[{"start":{"line":52,"column":8},"end":{"line":54,"column":9}},{"start":{},"end":{}}],"line":52},"5":{"loc":{"start":{"line":52,"column":12},"end":{"line":52,"column":40}},"type":"binary-expr","locations":[{"start":{"line":52,"column":12},"end":{"line":52,"column":17}},{"start":{"line":52,"column":21},"end":{"line":52,"column":40}}],"line":52},"6":{"loc":{"start":{"line":61,"column":48},"end":{"line":61,"column":58}},"type":"default-arg","locations":[{"start":{"line":61,"column":56},"end":{"line":61,"column":58}}],"line":61},"7":{"loc":{"start":{"line":89,"column":24},"end":{"line":89,"column":41}},"type":"binary-expr","locations":[{"start":{"line":89,"column":24},"end":{"line":89,"column":35}},{"start":{"line":89,"column":39},"end":{"line":89,"column":41}}],"line":89},"8":{"loc":{"start":{"line":97,"column":12},"end":{"line":107,"column":13}},"type":"if","locations":[{"start":{"line":97,"column":12},"end":{"line":107,"column":13}},{"start":{},"end":{}}],"line":97},"9":{"loc":{"start":{"line":100,"column":20},"end":{"line":103,"column":21}},"type":"if","locations":[{"start":{"line":100,"column":20},"end":{"line":103,"column":21}},{"start":{},"end":{}}],"line":100},"10":{"loc":{"start":{"line":144,"column":64},"end":{"line":144,"column":78}},"type":"binary-expr","locations":[{"start":{"line":144,"column":64},"end":{"line":144,"column":72}},{"start":{"line":144,"column":76},"end":{"line":144,"column":78}}],"line":144},"11":{"loc":{"start":{"line":145,"column":66},"end":{"line":145,"column":78}},"type":"binary-expr","locations":[{"start":{"line":145,"column":66},"end":{"line":145,"column":73}},{"start":{"line":145,"column":77},"end":{"line":145,"column":78}}],"line":145},"12":{"loc":{"start":{"line":146,"column":66},"end":{"line":146,"column":78}},"type":"binary-expr","locations":[{"start":{"line":146,"column":66},"end":{"line":146,"column":73}},{"start":{"line":146,"column":77},"end":{"line":146,"column":78}}],"line":146},"13":{"loc":{"start":{"line":165,"column":16},"end":{"line":167,"column":17}},"type":"if","locations":[{"start":{"line":165,"column":16},"end":{"line":167,"column":17}},{"start":{},"end":{}}],"line":165},"14":{"loc":{"start":{"line":166,"column":42},"end":{"line":166,"column":65}},"type":"binary-expr","locations":[{"start":{"line":166,"column":42},"end":{"line":166,"column":60}},{"start":{"line":166,"column":64},"end":{"line":166,"column":65}}],"line":166},"15":{"loc":{"start":{"line":183,"column":63},"end":{"line":183,"column":77}},"type":"binary-expr","locations":[{"start":{"line":183,"column":63},"end":{"line":183,"column":71}},{"start":{"line":183,"column":75},"end":{"line":183,"column":77}}],"line":183},"16":{"loc":{"start":{"line":186,"column":16},"end":{"line":188,"column":17}},"type":"if","locations":[{"start":{"line":186,"column":16},"end":{"line":188,"column":17}},{"start":{},"end":{}}],"line":186},"17":{"loc":{"start":{"line":187,"column":42},"end":{"line":187,"column":65}},"type":"binary-expr","locations":[{"start":{"line":187,"column":42},"end":{"line":187,"column":60}},{"start":{"line":187,"column":64},"end":{"line":187,"column":65}}],"line":187},"18":{"loc":{"start":{"line":191,"column":67},"end":{"line":191,"column":82}},"type":"binary-expr","locations":[{"start":{"line":191,"column":67},"end":{"line":191,"column":77}},{"start":{"line":191,"column":81},"end":{"line":191,"column":82}}],"line":191},"19":{"loc":{"start":{"line":192,"column":67},"end":{"line":192,"column":82}},"type":"binary-expr","locations":[{"start":{"line":192,"column":67},"end":{"line":192,"column":77}},{"start":{"line":192,"column":81},"end":{"line":192,"column":82}}],"line":192},"20":{"loc":{"start":{"line":199,"column":46},"end":{"line":199,"column":56}},"type":"default-arg","locations":[{"start":{"line":199,"column":54},"end":{"line":199,"column":56}}],"line":199},"21":{"loc":{"start":{"line":206,"column":61},"end":{"line":206,"column":87}},"type":"binary-expr","locations":[{"start":{"line":206,"column":61},"end":{"line":206,"column":81}},{"start":{"line":206,"column":85},"end":{"line":206,"column":87}}],"line":206},"22":{"loc":{"start":{"line":207,"column":68},"end":{"line":207,"column":89}},"type":"binary-expr","locations":[{"start":{"line":207,"column":68},"end":{"line":207,"column":83}},{"start":{"line":207,"column":87},"end":{"line":207,"column":89}}],"line":207},"23":{"loc":{"start":{"line":208,"column":48},"end":{"line":208,"column":69}},"type":"binary-expr","locations":[{"start":{"line":208,"column":48},"end":{"line":208,"column":63}},{"start":{"line":208,"column":67},"end":{"line":208,"column":69}}],"line":208},"24":{"loc":{"start":{"line":231,"column":24},"end":{"line":231,"column":101}},"type":"cond-expr","locations":[{"start":{"line":231,"column":50},"end":{"line":231,"column":56}},{"start":{"line":231,"column":59},"end":{"line":231,"column":101}}],"line":231},"25":{"loc":{"start":{"line":231,"column":59},"end":{"line":231,"column":101}},"type":"cond-expr","locations":[{"start":{"line":231,"column":85},"end":{"line":231,"column":93}},{"start":{"line":231,"column":96},"end":{"line":231,"column":101}}],"line":231},"26":{"loc":{"start":{"line":270,"column":4},"end":{"line":272,"column":5}},"type":"if","locations":[{"start":{"line":270,"column":4},"end":{"line":272,"column":5}},{"start":{},"end":{}}],"line":270},"27":{"loc":{"start":{"line":270,"column":8},"end":{"line":270,"column":68}},"type":"binary-expr","locations":[{"start":{"line":270,"column":8},"end":{"line":270,"column":25}},{"start":{"line":270,"column":29},"end":{"line":270,"column":68}}],"line":270},"28":{"loc":{"start":{"line":283,"column":8},"end":{"line":285,"column":9}},"type":"if","locations":[{"start":{"line":283,"column":8},"end":{"line":285,"column":9}},{"start":{},"end":{}}],"line":283},"29":{"loc":{"start":{"line":293,"column":8},"end":{"line":300,"column":9}},"type":"if","locations":[{"start":{"line":293,"column":8},"end":{"line":300,"column":9}},{"start":{},"end":{}}],"line":293},"30":{"loc":{"start":{"line":311,"column":29},"end":{"line":311,"column":39}},"type":"default-arg","locations":[{"start":{"line":311,"column":37},"end":{"line":311,"column":39}}],"line":311},"31":{"loc":{"start":{"line":311,"column":41},"end":{"line":311,"column":67}},"type":"default-arg","locations":[{"start":{"line":311,"column":63},"end":{"line":311,"column":67}}],"line":311},"32":{"loc":{"start":{"line":313,"column":8},"end":{"line":318,"column":9}},"type":"if","locations":[{"start":{"line":313,"column":8},"end":{"line":318,"column":9}},{"start":{},"end":{}}],"line":313},"33":{"loc":{"start":{"line":334,"column":8},"end":{"line":337,"column":9}},"type":"if","locations":[{"start":{"line":334,"column":8},"end":{"line":337,"column":9}},{"start":{},"end":{}}],"line":334},"34":{"loc":{"start":{"line":334,"column":12},"end":{"line":334,"column":70}},"type":"binary-expr","locations":[{"start":{"line":334,"column":12},"end":{"line":334,"column":47}},{"start":{"line":334,"column":51},"end":{"line":334,"column":70}}],"line":334},"35":{"loc":{"start":{"line":378,"column":25},"end":{"line":378,"column":35}},"type":"default-arg","locations":[{"start":{"line":378,"column":33},"end":{"line":378,"column":35}}],"line":378},"36":{"loc":{"start":{"line":380,"column":8},"end":{"line":385,"column":9}},"type":"if","locations":[{"start":{"line":380,"column":8},"end":{"line":385,"column":9}},{"start":{},"end":{}}],"line":380},"37":{"loc":{"start":{"line":391,"column":8},"end":{"line":393,"column":9}},"type":"if","locations":[{"start":{"line":391,"column":8},"end":{"line":393,"column":9}},{"start":{},"end":{}}],"line":391},"38":{"loc":{"start":{"line":405,"column":20},"end":{"line":405,"column":50}},"type":"binary-expr","locations":[{"start":{"line":405,"column":20},"end":{"line":405,"column":44}},{"start":{"line":405,"column":48},"end":{"line":405,"column":50}}],"line":405},"39":{"loc":{"start":{"line":525,"column":42},"end":{"line":525,"column":94}},"type":"cond-expr","locations":[{"start":{"line":525,"column":59},"end":{"line":525,"column":73}},{"start":{"line":525,"column":76},"end":{"line":525,"column":94}}],"line":525},"40":{"loc":{"start":{"line":526,"column":36},"end":{"line":526,"column":80}},"type":"cond-expr","locations":[{"start":{"line":526,"column":51},"end":{"line":526,"column":60}},{"start":{"line":526,"column":63},"end":{"line":526,"column":80}}],"line":526}},"s":{"0":0,"1":0,"2":0,"3":0,"4":0,"5":0,"6":0,"7":0,"8":0,"9":0,"10":0,"11":0,"12":0,"13":0,"14":0,"15":0,"16":0,"17":0,"18":0,"19":0,"20":0,"21":0,"22":0,"23":0,"24":0,"25":0,"26":0,"27":0,"28":0,"29":0,"30":0,"31":0,"32":0,"33":0,"34":0,"35":0,"36":0,"37":0,"38":0,"39":0,"40":0,"41":0,"42":0,"43":0,"44":0,"45":0,"46":0,"47":0,"48":0,"49":0,"50":0,"51":0,"52":0,"53":0,"54":0,"55":0,"56":0,"57":0,"58":0,"59":0,"60":0,"61":0,"62":0,"63":0,"64":0,"65":0,"66":0,"67":0,"68":0,"69":0,"70":0,"71":0,"72":0,"73":0,"74":0,"75":0,"76":0,"77":0,"78":0,"79":0,"80":0,"81":0,"82":0,"83":0,"84":0,"85":0,"86":0,"87":0,"88":0,"89":0,"90":0,"91":0,"92":0,"93":0,"94":0,"95":0,"96":0,"97":0,"98":0,"99":0,"100":0,"101":0,"102":0,"103":0,"104":0,"105":0,"106":0,"107":0,"108":0,"109":0,"110":0,"111":0,"112":0,"113":0,"114":0,"115":0,"116":0,"117":0,"118":0,"119":0,"120":0,"121":0,"122":0,"123":0,"124":0,"125":0,"126":0,"127":0,"128":0,"129":0,"130":0,"131":0,"132":0,"133":0,"134":0,"135":0,"136":0,"137":0,"138":0,"139":0,"140":0,"141":0,"142":0,"143":0,"144":0,"145":0,"146":0,"147":0,"148":0,"149":0,"150":0,"151":0,"152":0,"153":0,"154":0,"155":0,"156":0,"157":0,"158":0,"159":0,"160":0,"161":0,"162":0,"163":0,"164":0,"165":0,"166":0,"167":0,"168":0,"169":0,"170":0,"171":0,"172":0,"173":0},"f":{"0":0,"1":0,"2":0,"3":0,"4":0,"5":0,"6":0,"7":0,"8":0,"9":0,"10":0,"11":0,"12":0,"13":0,"14":0,"15":0,"16":0,"17":0,"18":0,"19":0,"20":0,"21":0},"b":{"0":[0,0],"1":[0,0],"2":[0,0],"3":[0,0],"4":[0,0],"5":[0,0],"6":[0],"7":[0,0],"8":[0,0],"9":[0,0],"10":[0,0],"11":[0,0],"12":[0,0],"13":[0,0],"14":[0,0],"15":[0,0],"16":[0,0],"17":[0,0],"18":[0,0],"19":[0,0],"20":[0],"21":[0,0],"22":[0,0],"23":[0,0],"24":[0,0],"25":[0,0],"26":[0,0],"27":[0,0],"28":[0,0],"29":[0,0],"30":[0],"31":[0],"32":[0,0],"33":[0,0],"34":[0,0],"35":[0],"36":[0,0],"37":[0,0],"38":[0,0],"39":[0,0],"40":[0,0]}}
,"/Users/franciscoterpolilli/ai-engine/database-cached-scout.js": {"path":"/Users/franciscoterpolilli/ai-engine/database-cached-scout.js","statementMap":{"0":{"start":{"line":5,"column":14},"end":{"line":5,"column":30}},"1":{"start":{"line":6,"column":17},"end":{"line":6,"column":30}},"2":{"start":{"line":7,"column":15},"end":{"line":7,"column":32}},"3":{"start":{"line":8,"column":25},"end":{"line":8,"column":45}},"4":{"start":{"line":9,"column":24},"end":{"line":9,"column":57}},"5":{"start":{"line":10,"column":0},"end":{"line":10,"column":27}},"6":{"start":{"line":13,"column":13},"end":{"line":13,"column":17}},"7":{"start":{"line":17,"column":16},"end":{"line":17,"column":103}},"8":{"start":{"line":19,"column":2},"end":{"line":38,"column":3}},"9":{"start":{"line":20,"column":4},"end":{"line":25,"column":7}},"10":{"start":{"line":28,"column":19},"end":{"line":28,"column":41}},"11":{"start":{"line":29,"column":4},"end":{"line":29,"column":39}},"12":{"start":{"line":30,"column":4},"end":{"line":30,"column":21}},"13":{"start":{"line":32,"column":4},"end":{"line":32,"column":53}},"14":{"start":{"line":33,"column":4},"end":{"line":33,"column":16}},"15":{"start":{"line":35,"column":4},"end":{"line":35,"column":66}},"16":{"start":{"line":36,"column":4},"end":{"line":36,"column":18}},"17":{"start":{"line":37,"column":4},"end":{"line":37,"column":17}},"18":{"start":{"line":44,"column":4},"end":{"line":44,"column":25}},"19":{"start":{"line":45,"column":4},"end":{"line":52,"column":7}},"20":{"start":{"line":55,"column":4},"end":{"line":55,"column":81}},"21":{"start":{"line":58,"column":4},"end":{"line":58,"column":34}},"22":{"start":{"line":62,"column":21},"end":{"line":62,"column":39}},"23":{"start":{"line":64,"column":4},"end":{"line":110,"column":5}},"24":{"start":{"line":66,"column":25},"end":{"line":66,"column":65}},"25":{"start":{"line":67,"column":6},"end":{"line":70,"column":7}},"26":{"start":{"line":68,"column":8},"end":{"line":68,"column":72}},"27":{"start":{"line":69,"column":8},"end":{"line":69,"column":26}},"28":{"start":{"line":73,"column":6},"end":{"line":73,"column":63}},"29":{"start":{"line":74,"column":53},"end":{"line":78,"column":8}},"30":{"start":{"line":80,"column":25},"end":{"line":80,"column":78}},"31":{"start":{"line":81,"column":21},"end":{"line":81,"column":80}},"32":{"start":{"line":82,"column":27},"end":{"line":82,"column":92}},"33":{"start":{"line":84,"column":27},"end":{"line":98,"column":7}},"34":{"start":{"line":101,"column":6},"end":{"line":101,"column":56}},"35":{"start":{"line":104,"column":6},"end":{"line":104,"column":50}},"36":{"start":{"line":106,"column":6},"end":{"line":106,"column":26}},"37":{"start":{"line":109,"column":6},"end":{"line":109,"column":92}},"38":{"start":{"line":114,"column":21},"end":{"line":114,"column":69}},"39":{"start":{"line":115,"column":4},"end":{"line":115,"column":25}},"40":{"start":{"line":119,"column":4},"end":{"line":125,"column":5}},"41":{"start":{"line":120,"column":23},"end":{"line":120,"column":78}},"42":{"start":{"line":121,"column":22},"end":{"line":121,"column":84}},"43":{"start":{"line":122,"column":6},"end":{"line":122,"column":40}},"44":{"start":{"line":124,"column":6},"end":{"line":124,"column":18}},"45":{"start":{"line":129,"column":25},"end":{"line":129,"column":27}},"46":{"start":{"line":130,"column":18},"end":{"line":130,"column":86}},"47":{"start":{"line":132,"column":4},"end":{"line":148,"column":5}},"48":{"start":{"line":133,"column":6},"end":{"line":147,"column":7}},"49":{"start":{"line":134,"column":25},"end":{"line":134,"column":90}},"50":{"start":{"line":135,"column":24},"end":{"line":135,"column":86}},"51":{"start":{"line":137,"column":8},"end":{"line":144,"column":9}},"52":{"start":{"line":138,"column":30},"end":{"line":138,"column":49}},"53":{"start":{"line":139,"column":23},"end":{"line":139,"column":86}},"54":{"start":{"line":140,"column":10},"end":{"line":140,"column":63}},"55":{"start":{"line":141,"column":15},"end":{"line":144,"column":9}},"56":{"start":{"line":142,"column":24},"end":{"line":142,"column":56}},"57":{"start":{"line":143,"column":10},"end":{"line":143,"column":91}},"58":{"start":{"line":143,"column":52},"end":{"line":143,"column":88}},"59":{"start":{"line":150,"column":4},"end":{"line":150,"column":24}},"60":{"start":{"line":155,"column":4},"end":{"line":155,"column":29}},"61":{"start":{"line":155,"column":17},"end":{"line":155,"column":29}},"62":{"start":{"line":157,"column":4},"end":{"line":209,"column":5}},"63":{"start":{"line":158,"column":21},"end":{"line":158,"column":43}},"64":{"start":{"line":159,"column":21},"end":{"line":170,"column":7}},"65":{"start":{"line":171,"column":6},"end":{"line":171,"column":23}},"66":{"start":{"line":173,"column":6},"end":{"line":173,"column":48}},"67":{"start":{"line":173,"column":36},"end":{"line":173,"column":48}},"68":{"start":{"line":175,"column":18},"end":{"line":175,"column":32}},"69":{"start":{"line":176,"column":6},"end":{"line":205,"column":8}},"70":{"start":{"line":207,"column":6},"end":{"line":207,"column":82}},"71":{"start":{"line":208,"column":6},"end":{"line":208,"column":18}},"72":{"start":{"line":213,"column":4},"end":{"line":213,"column":27}},"73":{"start":{"line":213,"column":17},"end":{"line":213,"column":27}},"74":{"start":{"line":215,"column":4},"end":{"line":226,"column":5}},"75":{"start":{"line":216,"column":21},"end":{"line":216,"column":43}},"76":{"start":{"line":217,"column":21},"end":{"line":220,"column":7}},"77":{"start":{"line":221,"column":6},"end":{"line":221,"column":23}},"78":{"start":{"line":223,"column":6},"end":{"line":223,"column":57}},"79":{"start":{"line":223,"column":36},"end":{"line":223,"column":55}},"80":{"start":{"line":225,"column":6},"end":{"line":225,"column":16}},"81":{"start":{"line":230,"column":4},"end":{"line":230,"column":29}},"82":{"start":{"line":230,"column":17},"end":{"line":230,"column":29}},"83":{"start":{"line":232,"column":4},"end":{"line":288,"column":5}},"84":{"start":{"line":233,"column":21},"end":{"line":233,"column":43}},"85":{"start":{"line":236,"column":21},"end":{"line":266,"column":8}},"86":{"start":{"line":268,"column":21},"end":{"line":268,"column":38}},"87":{"start":{"line":271,"column":6},"end":{"line":279,"column":7}},"88":{"start":{"line":272,"column":8},"end":{"line":278,"column":9}},"89":{"start":{"line":273,"column":10},"end":{"line":277,"column":39}},"90":{"start":{"line":281,"column":6},"end":{"line":281,"column":23}},"91":{"start":{"line":282,"column":6},"end":{"line":282,"column":77}},"92":{"start":{"line":283,"column":6},"end":{"line":283,"column":20}},"93":{"start":{"line":286,"column":6},"end":{"line":286,"column":76}},"94":{"start":{"line":287,"column":6},"end":{"line":287,"column":18}},"95":{"start":{"line":292,"column":4},"end":{"line":292,"column":24}},"96":{"start":{"line":292,"column":17},"end":{"line":292,"column":24}},"97":{"start":{"line":294,"column":4},"end":{"line":343,"column":5}},"98":{"start":{"line":295,"column":21},"end":{"line":295,"column":43}},"99":{"start":{"line":298,"column":31},"end":{"line":308,"column":30}},"100":{"start":{"line":310,"column":6},"end":{"line":338,"column":7}},"101":{"start":{"line":311,"column":25},"end":{"line":311,"column":49}},"102":{"start":{"line":312,"column":23},"end":{"line":312,"column":34}},"103":{"start":{"line":315,"column":8},"end":{"line":321,"column":9}},"104":{"start":{"line":316,"column":10},"end":{"line":320,"column":23}},"105":{"start":{"line":323,"column":8},"end":{"line":329,"column":9}},"106":{"start":{"line":324,"column":10},"end":{"line":328,"column":23}},"107":{"start":{"line":331,"column":8},"end":{"line":337,"column":9}},"108":{"start":{"line":332,"column":10},"end":{"line":336,"column":23}},"109":{"start":{"line":340,"column":6},"end":{"line":340,"column":23}},"110":{"start":{"line":342,"column":6},"end":{"line":342,"column":82}},"111":{"start":{"line":348,"column":4},"end":{"line":348,"column":103}},"112":{"start":{"line":351,"column":26},"end":{"line":351,"column":76}},"113":{"start":{"line":352,"column":4},"end":{"line":355,"column":5}},"114":{"start":{"line":353,"column":6},"end":{"line":353,"column":83}},"115":{"start":{"line":354,"column":6},"end":{"line":354,"column":35}},"116":{"start":{"line":358,"column":26},"end":{"line":358,"column":28}},"117":{"start":{"line":359,"column":4},"end":{"line":361,"column":5}},"118":{"start":{"line":360,"column":6},"end":{"line":360,"column":106}},"119":{"start":{"line":364,"column":29},"end":{"line":364,"column":31}},"120":{"start":{"line":365,"column":4},"end":{"line":367,"column":5}},"121":{"start":{"line":366,"column":6},"end":{"line":366,"column":105}},"122":{"start":{"line":370,"column":28},"end":{"line":370,"column":101}},"123":{"start":{"line":371,"column":25},"end":{"line":371,"column":56}},"124":{"start":{"line":374,"column":4},"end":{"line":374,"column":65}},"125":{"start":{"line":376,"column":4},"end":{"line":376,"column":81}},"126":{"start":{"line":377,"column":4},"end":{"line":377,"column":24}},"127":{"start":{"line":381,"column":4},"end":{"line":381,"column":27}},"128":{"start":{"line":381,"column":17},"end":{"line":381,"column":27}},"129":{"start":{"line":383,"column":4},"end":{"line":421,"column":5}},"130":{"start":{"line":384,"column":21},"end":{"line":384,"column":43}},"131":{"start":{"line":387,"column":21},"end":{"line":396,"column":50}},"132":{"start":{"line":398,"column":6},"end":{"line":398,"column":23}},"133":{"start":{"line":400,"column":6},"end":{"line":416,"column":10}},"134":{"start":{"line":400,"column":37},"end":{"line":416,"column":7}},"135":{"start":{"line":419,"column":6},"end":{"line":419,"column":73}},"136":{"start":{"line":420,"column":6},"end":{"line":420,"column":16}},"137":{"start":{"line":426,"column":23},"end":{"line":430,"column":5}},"138":{"start":{"line":432,"column":23},"end":{"line":432,"column":32}},"139":{"start":{"line":434,"column":4},"end":{"line":470,"column":5}},"140":{"start":{"line":434,"column":17},"end":{"line":434,"column":18}},"141":{"start":{"line":435,"column":23},"end":{"line":435,"column":36}},"142":{"start":{"line":436,"column":6},"end":{"line":436,"column":36}},"143":{"start":{"line":436,"column":27},"end":{"line":436,"column":36}},"144":{"start":{"line":438,"column":6},"end":{"line":469,"column":7}},"145":{"start":{"line":439,"column":24},"end":{"line":439,"column":107}},"146":{"start":{"line":441,"column":8},"end":{"line":465,"column":11}},"147":{"start":{"line":442,"column":10},"end":{"line":464,"column":11}},"148":{"start":{"line":443,"column":29},"end":{"line":443,"column":59}},"149":{"start":{"line":444,"column":12},"end":{"line":444,"column":52}},"150":{"start":{"line":445,"column":12},"end":{"line":445,"column":45}},"151":{"start":{"line":447,"column":12},"end":{"line":463,"column":15}},"152":{"start":{"line":468,"column":8},"end":{"line":468,"column":72}},"153":{"start":{"line":472,"column":4},"end":{"line":472,"column":87}},"154":{"start":{"line":472,"column":58},"end":{"line":472,"column":85}},"155":{"start":{"line":476,"column":21},"end":{"line":476,"column":44}},"156":{"start":{"line":477,"column":19},"end":{"line":477,"column":54}},"157":{"start":{"line":478,"column":16},"end":{"line":478,"column":18}},"158":{"start":{"line":480,"column":4},"end":{"line":480,"column":51}},"159":{"start":{"line":480,"column":18},"end":{"line":480,"column":51}},"160":{"start":{"line":481,"column":4},"end":{"line":481,"column":56}},"161":{"start":{"line":481,"column":28},"end":{"line":481,"column":54}},"162":{"start":{"line":482,"column":4},"end":{"line":482,"column":25}},"163":{"start":{"line":484,"column":4},"end":{"line":484,"column":70}},"164":{"start":{"line":488,"column":24},"end":{"line":488,"column":50}},"165":{"start":{"line":489,"column":18},"end":{"line":491,"column":18}},"166":{"start":{"line":490,"column":22},"end":{"line":490,"column":86}},"167":{"start":{"line":493,"column":4},"end":{"line":493,"column":80}},"168":{"start":{"line":497,"column":21},"end":{"line":497,"column":44}},"169":{"start":{"line":498,"column":16},"end":{"line":498,"column":41}},"170":{"start":{"line":499,"column":4},"end":{"line":499,"column":50}},"171":{"start":{"line":499,"column":18},"end":{"line":499,"column":50}},"172":{"start":{"line":501,"column":4},"end":{"line":501,"column":56}},"173":{"start":{"line":505,"column":4},"end":{"line":517,"column":5}},"174":{"start":{"line":506,"column":23},"end":{"line":512,"column":8}},"175":{"start":{"line":513,"column":6},"end":{"line":513,"column":33}},"176":{"start":{"line":515,"column":6},"end":{"line":515,"column":86}},"177":{"start":{"line":516,"column":6},"end":{"line":516,"column":16}},"178":{"start":{"line":521,"column":16},"end":{"line":521,"column":17}},"179":{"start":{"line":524,"column":4},"end":{"line":524,"column":61}},"180":{"start":{"line":524,"column":49},"end":{"line":524,"column":61}},"181":{"start":{"line":527,"column":23},"end":{"line":527,"column":40}},"182":{"start":{"line":528,"column":27},"end":{"line":528,"column":52}},"183":{"start":{"line":529,"column":25},"end":{"line":529,"column":90}},"184":{"start":{"line":529,"column":52},"end":{"line":529,"column":82}},"185":{"start":{"line":530,"column":4},"end":{"line":530,"column":30}},"186":{"start":{"line":533,"column":22},"end":{"line":534,"column":96}},"187":{"start":{"line":535,"column":4},"end":{"line":535,"column":27}},"188":{"start":{"line":537,"column":4},"end":{"line":537,"column":17}},"189":{"start":{"line":541,"column":23},"end":{"line":541,"column":32}},"190":{"start":{"line":544,"column":4},"end":{"line":550,"column":7}},"191":{"start":{"line":545,"column":6},"end":{"line":549,"column":9}},"192":{"start":{"line":553,"column":4},"end":{"line":565,"column":7}},"193":{"start":{"line":554,"column":6},"end":{"line":564,"column":7}},"194":{"start":{"line":555,"column":25},"end":{"line":555,"column":55}},"195":{"start":{"line":556,"column":8},"end":{"line":556,"column":91}},"196":{"start":{"line":557,"column":8},"end":{"line":557,"column":53}},"197":{"start":{"line":558,"column":8},"end":{"line":558,"column":88}},"198":{"start":{"line":560,"column":8},"end":{"line":563,"column":11}},"199":{"start":{"line":567,"column":4},"end":{"line":569,"column":65}},"200":{"start":{"line":568,"column":22},"end":{"line":568,"column":63}},"201":{"start":{"line":569,"column":22},"end":{"line":569,"column":63}},"202":{"start":{"line":574,"column":4},"end":{"line":574,"column":29}},"203":{"start":{"line":574,"column":17},"end":{"line":574,"column":29}},"204":{"start":{"line":576,"column":4},"end":{"line":597,"column":5}},"205":{"start":{"line":577,"column":25},"end":{"line":577,"column":75}},"206":{"start":{"line":579,"column":21},"end":{"line":579,"column":43}},"207":{"start":{"line":580,"column":21},"end":{"line":584,"column":22}},"208":{"start":{"line":585,"column":6},"end":{"line":585,"column":23}},"209":{"start":{"line":587,"column":6},"end":{"line":591,"column":7}},"210":{"start":{"line":589,"column":8},"end":{"line":589,"column":49}},"211":{"start":{"line":590,"column":8},"end":{"line":590,"column":30}},"212":{"start":{"line":593,"column":6},"end":{"line":593,"column":18}},"213":{"start":{"line":595,"column":6},"end":{"line":595,"column":82}},"214":{"start":{"line":596,"column":6},"end":{"line":596,"column":18}},"215":{"start":{"line":601,"column":4},"end":{"line":601,"column":24}},"216":{"start":{"line":601,"column":17},"end":{"line":601,"column":24}},"217":{"start":{"line":603,"column":4},"end":{"line":634,"column":5}},"218":{"start":{"line":604,"column":25},"end":{"line":604,"column":75}},"219":{"start":{"line":606,"column":21},"end":{"line":606,"column":43}},"220":{"start":{"line":607,"column":6},"end":{"line":629,"column":9}},"221":{"start":{"line":628,"column":25},"end":{"line":628,"column":35}},"222":{"start":{"line":628,"column":57},"end":{"line":628,"column":75}},"223":{"start":{"line":630,"column":6},"end":{"line":630,"column":23}},"224":{"start":{"line":633,"column":6},"end":{"line":633,"column":77}},"225":{"start":{"line":638,"column":4},"end":{"line":638,"column":24}},"226":{"start":{"line":638,"column":17},"end":{"line":638,"column":24}},"227":{"start":{"line":640,"column":4},"end":{"line":650,"column":5}},"228":{"start":{"line":641,"column":21},"end":{"line":641,"column":43}},"229":{"start":{"line":642,"column":6},"end":{"line":646,"column":23}},"230":{"start":{"line":647,"column":6},"end":{"line":647,"column":23}},"231":{"start":{"line":654,"column":4},"end":{"line":656,"column":21}},"232":{"start":{"line":662,"column":2},"end":{"line":662,"column":74}},"233":{"start":{"line":664,"column":22},"end":{"line":664,"column":42}},"234":{"start":{"line":665,"column":2},"end":{"line":667,"column":3}},"235":{"start":{"line":666,"column":4},"end":{"line":666,"column":83}},"236":{"start":{"line":669,"column":17},"end":{"line":669,"column":73}},"237":{"start":{"line":671,"column":19},"end":{"line":671,"column":35}},"238":{"start":{"line":672,"column":24},"end":{"line":672,"column":43}},"239":{"start":{"line":674,"column":2},"end":{"line":693,"column":3}},"240":{"start":{"line":675,"column":4},"end":{"line":675,"column":60}},"241":{"start":{"line":677,"column":21},"end":{"line":677,"column":67}},"242":{"start":{"line":678,"column":4},"end":{"line":678,"column":95}},"243":{"start":{"line":679,"column":4},"end":{"line":679,"column":79}},"244":{"start":{"line":680,"column":4},"end":{"line":680,"column":87}},"245":{"start":{"line":682,"column":25},"end":{"line":682,"column":77}},"246":{"start":{"line":684,"column":4},"end":{"line":684,"column":74}},"247":{"start":{"line":685,"column":4},"end":{"line":689,"column":7}},"248":{"start":{"line":686,"column":21},"end":{"line":686,"column":55}},"249":{"start":{"line":687,"column":27},"end":{"line":687,"column":117}},"250":{"start":{"line":688,"column":6},"end":{"line":688,"column":128}},"251":{"start":{"line":692,"column":4},"end":{"line":692,"column":47}},"252":{"start":{"line":696,"column":0},"end":{"line":698,"column":1}},"253":{"start":{"line":697,"column":2},"end":{"line":697,"column":23}},"254":{"start":{"line":700,"column":0},"end":{"line":700,"column":62}}},"fnMap":{"0":{"name":"initDatabase","decl":{"start":{"line":16,"column":15},"end":{"line":16,"column":27}},"loc":{"start":{"line":16,"column":30},"end":{"line":39,"column":1}},"line":16},"1":{"name":"(anonymous_1)","decl":{"start":{"line":43,"column":2},"end":{"line":43,"column":3}},"loc":{"start":{"line":43,"column":22},"end":{"line":59,"column":3}},"line":43},"2":{"name":"(anonymous_2)","decl":{"start":{"line":61,"column":2},"end":{"line":61,"column":3}},"loc":{"start":{"line":61,"column":42},"end":{"line":111,"column":3}},"line":61},"3":{"name":"(anonymous_3)","decl":{"start":{"line":113,"column":2},"end":{"line":113,"column":3}},"loc":{"start":{"line":113,"column":43},"end":{"line":116,"column":3}},"line":113},"4":{"name":"(anonymous_4)","decl":{"start":{"line":118,"column":2},"end":{"line":118,"column":3}},"loc":{"start":{"line":118,"column":38},"end":{"line":126,"column":3}},"line":118},"5":{"name":"(anonymous_5)","decl":{"start":{"line":128,"column":2},"end":{"line":128,"column":3}},"loc":{"start":{"line":128,"column":37},"end":{"line":151,"column":3}},"line":128},"6":{"name":"(anonymous_6)","decl":{"start":{"line":143,"column":44},"end":{"line":143,"column":45}},"loc":{"start":{"line":143,"column":52},"end":{"line":143,"column":88}},"line":143},"7":{"name":"(anonymous_7)","decl":{"start":{"line":154,"column":2},"end":{"line":154,"column":3}},"loc":{"start":{"line":154,"column":38},"end":{"line":210,"column":3}},"line":154},"8":{"name":"(anonymous_8)","decl":{"start":{"line":212,"column":2},"end":{"line":212,"column":3}},"loc":{"start":{"line":212,"column":38},"end":{"line":227,"column":3}},"line":212},"9":{"name":"(anonymous_9)","decl":{"start":{"line":223,"column":29},"end":{"line":223,"column":30}},"loc":{"start":{"line":223,"column":36},"end":{"line":223,"column":55}},"line":223},"10":{"name":"(anonymous_10)","decl":{"start":{"line":229,"column":2},"end":{"line":229,"column":3}},"loc":{"start":{"line":229,"column":43},"end":{"line":289,"column":3}},"line":229},"11":{"name":"(anonymous_11)","decl":{"start":{"line":291,"column":2},"end":{"line":291,"column":3}},"loc":{"start":{"line":291,"column":37},"end":{"line":344,"column":3}},"line":291},"12":{"name":"(anonymous_12)","decl":{"start":{"line":347,"column":2},"end":{"line":347,"column":3}},"loc":{"start":{"line":347,"column":56},"end":{"line":378,"column":3}},"line":347},"13":{"name":"(anonymous_13)","decl":{"start":{"line":380,"column":2},"end":{"line":380,"column":3}},"loc":{"start":{"line":380,"column":60},"end":{"line":422,"column":3}},"line":380},"14":{"name":"(anonymous_14)","decl":{"start":{"line":400,"column":29},"end":{"line":400,"column":30}},"loc":{"start":{"line":400,"column":37},"end":{"line":416,"column":7}},"line":400},"15":{"name":"(anonymous_15)","decl":{"start":{"line":424,"column":2},"end":{"line":424,"column":3}},"loc":{"start":{"line":424,"column":50},"end":{"line":473,"column":3}},"line":424},"16":{"name":"(anonymous_16)","decl":{"start":{"line":441,"column":24},"end":{"line":441,"column":25}},"loc":{"start":{"line":441,"column":32},"end":{"line":465,"column":9}},"line":441},"17":{"name":"(anonymous_17)","decl":{"start":{"line":472,"column":48},"end":{"line":472,"column":49}},"loc":{"start":{"line":472,"column":58},"end":{"line":472,"column":85}},"line":472},"18":{"name":"(anonymous_18)","decl":{"start":{"line":475,"column":2},"end":{"line":475,"column":3}},"loc":{"start":{"line":475,"column":37},"end":{"line":485,"column":3}},"line":475},"19":{"name":"(anonymous_19)","decl":{"start":{"line":481,"column":19},"end":{"line":481,"column":20}},"loc":{"start":{"line":481,"column":28},"end":{"line":481,"column":54}},"line":481},"20":{"name":"(anonymous_20)","decl":{"start":{"line":487,"column":2},"end":{"line":487,"column":3}},"loc":{"start":{"line":487,"column":31},"end":{"line":494,"column":3}},"line":487},"21":{"name":"(anonymous_21)","decl":{"start":{"line":490,"column":14},"end":{"line":490,"column":15}},"loc":{"start":{"line":490,"column":22},"end":{"line":490,"column":86}},"line":490},"22":{"name":"(anonymous_22)","decl":{"start":{"line":496,"column":2},"end":{"line":496,"column":3}},"loc":{"start":{"line":496,"column":31},"end":{"line":502,"column":3}},"line":496},"23":{"name":"(anonymous_23)","decl":{"start":{"line":504,"column":2},"end":{"line":504,"column":3}},"loc":{"start":{"line":504,"column":46},"end":{"line":518,"column":3}},"line":504},"24":{"name":"(anonymous_24)","decl":{"start":{"line":520,"column":2},"end":{"line":520,"column":3}},"loc":{"start":{"line":520,"column":46},"end":{"line":538,"column":3}},"line":520},"25":{"name":"(anonymous_25)","decl":{"start":{"line":529,"column":43},"end":{"line":529,"column":44}},"loc":{"start":{"line":529,"column":52},"end":{"line":529,"column":82}},"line":529},"26":{"name":"(anonymous_26)","decl":{"start":{"line":540,"column":2},"end":{"line":540,"column":3}},"loc":{"start":{"line":540,"column":75},"end":{"line":570,"column":3}},"line":540},"27":{"name":"(anonymous_27)","decl":{"start":{"line":544,"column":28},"end":{"line":544,"column":29}},"loc":{"start":{"line":544,"column":36},"end":{"line":550,"column":5}},"line":544},"28":{"name":"(anonymous_28)","decl":{"start":{"line":553,"column":31},"end":{"line":553,"column":32}},"loc":{"start":{"line":553,"column":39},"end":{"line":565,"column":5}},"line":553},"29":{"name":"(anonymous_29)","decl":{"start":{"line":568,"column":14},"end":{"line":568,"column":15}},"loc":{"start":{"line":568,"column":22},"end":{"line":568,"column":63}},"line":568},"30":{"name":"(anonymous_30)","decl":{"start":{"line":569,"column":12},"end":{"line":569,"column":13}},"loc":{"start":{"line":569,"column":22},"end":{"line":569,"column":63}},"line":569},"31":{"name":"(anonymous_31)","decl":{"start":{"line":573,"column":2},"end":{"line":573,"column":3}},"loc":{"start":{"line":573,"column":48},"end":{"line":598,"column":3}},"line":573},"32":{"name":"(anonymous_32)","decl":{"start":{"line":600,"column":2},"end":{"line":600,"column":3}},"loc":{"start":{"line":600,"column":53},"end":{"line":635,"column":3}},"line":600},"33":{"name":"(anonymous_33)","decl":{"start":{"line":628,"column":20},"end":{"line":628,"column":21}},"loc":{"start":{"line":628,"column":25},"end":{"line":628,"column":35}},"line":628},"34":{"name":"(anonymous_34)","decl":{"start":{"line":628,"column":44},"end":{"line":628,"column":45}},"loc":{"start":{"line":628,"column":57},"end":{"line":628,"column":75}},"line":628},"35":{"name":"(anonymous_35)","decl":{"start":{"line":637,"column":2},"end":{"line":637,"column":3}},"loc":{"start":{"line":637,"column":38},"end":{"line":651,"column":3}},"line":637},"36":{"name":"(anonymous_36)","decl":{"start":{"line":653,"column":2},"end":{"line":653,"column":3}},"loc":{"start":{"line":653,"column":38},"end":{"line":657,"column":3}},"line":653},"37":{"name":"testDatabaseCached","decl":{"start":{"line":661,"column":15},"end":{"line":661,"column":33}},"loc":{"start":{"line":661,"column":36},"end":{"line":694,"column":1}},"line":661},"38":{"name":"(anonymous_38)","decl":{"start":{"line":685,"column":37},"end":{"line":685,"column":38}},"loc":{"start":{"line":685,"column":50},"end":{"line":689,"column":5}},"line":685}},"branchMap":{"0":{"loc":{"start":{"line":17,"column":16},"end":{"line":17,"column":103}},"type":"binary-expr","locations":[{"start":{"line":17,"column":16},"end":{"line":17,"column":40}},{"start":{"line":17,"column":44},"end":{"line":17,"column":103}}],"line":17},"1":{"loc":{"start":{"line":55,"column":24},"end":{"line":55,"column":80}},"type":"binary-expr","locations":[{"start":{"line":55,"column":24},"end":{"line":55,"column":50}},{"start":{"line":55,"column":54},"end":{"line":55,"column":80}}],"line":55},"2":{"loc":{"start":{"line":67,"column":6},"end":{"line":70,"column":7}},"type":"if","locations":[{"start":{"line":67,"column":6},"end":{"line":70,"column":7}},{"start":{},"end":{}}],"line":67},"3":{"loc":{"start":{"line":80,"column":25},"end":{"line":80,"column":78}},"type":"cond-expr","locations":[{"start":{"line":80,"column":59},"end":{"line":80,"column":73}},{"start":{"line":80,"column":76},"end":{"line":80,"column":78}}],"line":80},"4":{"loc":{"start":{"line":81,"column":21},"end":{"line":81,"column":80}},"type":"cond-expr","locations":[{"start":{"line":81,"column":57},"end":{"line":81,"column":73}},{"start":{"line":81,"column":76},"end":{"line":81,"column":80}}],"line":81},"5":{"loc":{"start":{"line":82,"column":27},"end":{"line":82,"column":92}},"type":"cond-expr","locations":[{"start":{"line":82,"column":67},"end":{"line":82,"column":87}},{"start":{"line":82,"column":90},"end":{"line":82,"column":92}}],"line":82},"6":{"loc":{"start":{"line":92,"column":16},"end":{"line":92,"column":39}},"type":"binary-expr","locations":[{"start":{"line":92,"column":16},"end":{"line":92,"column":33}},{"start":{"line":92,"column":37},"end":{"line":92,"column":39}}],"line":92},"7":{"loc":{"start":{"line":93,"column":15},"end":{"line":93,"column":47}},"type":"binary-expr","locations":[{"start":{"line":93,"column":15},"end":{"line":93,"column":42}},{"start":{"line":93,"column":46},"end":{"line":93,"column":47}}],"line":93},"8":{"loc":{"start":{"line":94,"column":15},"end":{"line":94,"column":42}},"type":"binary-expr","locations":[{"start":{"line":94,"column":15},"end":{"line":94,"column":37}},{"start":{"line":94,"column":41},"end":{"line":94,"column":42}}],"line":94},"9":{"loc":{"start":{"line":137,"column":8},"end":{"line":144,"column":9}},"type":"if","locations":[{"start":{"line":137,"column":8},"end":{"line":144,"column":9}},{"start":{"line":141,"column":15},"end":{"line":144,"column":9}}],"line":137},"10":{"loc":{"start":{"line":141,"column":15},"end":{"line":144,"column":9}},"type":"if","locations":[{"start":{"line":141,"column":15},"end":{"line":144,"column":9}},{"start":{},"end":{}}],"line":141},"11":{"loc":{"start":{"line":143,"column":52},"end":{"line":143,"column":88}},"type":"binary-expr","locations":[{"start":{"line":143,"column":52},"end":{"line":143,"column":63}},{"start":{"line":143,"column":67},"end":{"line":143,"column":88}}],"line":143},"12":{"loc":{"start":{"line":155,"column":4},"end":{"line":155,"column":29}},"type":"if","locations":[{"start":{"line":155,"column":4},"end":{"line":155,"column":29}},{"start":{},"end":{}}],"line":155},"13":{"loc":{"start":{"line":173,"column":6},"end":{"line":173,"column":48}},"type":"if","locations":[{"start":{"line":173,"column":6},"end":{"line":173,"column":48}},{"start":{},"end":{}}],"line":173},"14":{"loc":{"start":{"line":183,"column":16},"end":{"line":183,"column":32}},"type":"binary-expr","locations":[{"start":{"line":183,"column":16},"end":{"line":183,"column":26}},{"start":{"line":183,"column":30},"end":{"line":183,"column":32}}],"line":183},"15":{"loc":{"start":{"line":194,"column":26},"end":{"line":197,"column":18}},"type":"cond-expr","locations":[{"start":{"line":194,"column":49},"end":{"line":197,"column":11}},{"start":{"line":197,"column":14},"end":{"line":197,"column":18}}],"line":194},"16":{"loc":{"start":{"line":198,"column":21},"end":{"line":201,"column":18}},"type":"cond-expr","locations":[{"start":{"line":198,"column":43},"end":{"line":201,"column":11}},{"start":{"line":201,"column":14},"end":{"line":201,"column":18}}],"line":198},"17":{"loc":{"start":{"line":202,"column":26},"end":{"line":202,"column":86}},"type":"binary-expr","locations":[{"start":{"line":202,"column":26},"end":{"line":202,"column":39}},{"start":{"line":202,"column":43},"end":{"line":202,"column":63}},{"start":{"line":202,"column":67},"end":{"line":202,"column":86}}],"line":202},"18":{"loc":{"start":{"line":213,"column":4},"end":{"line":213,"column":27}},"type":"if","locations":[{"start":{"line":213,"column":4},"end":{"line":213,"column":27}},{"start":{},"end":{}}],"line":213},"19":{"loc":{"start":{"line":230,"column":4},"end":{"line":230,"column":29}},"type":"if","locations":[{"start":{"line":230,"column":4},"end":{"line":230,"column":29}},{"start":{},"end":{}}],"line":230},"20":{"loc":{"start":{"line":255,"column":8},"end":{"line":255,"column":47}},"type":"binary-expr","locations":[{"start":{"line":255,"column":8},"end":{"line":255,"column":29}},{"start":{"line":255,"column":33},"end":{"line":255,"column":47}}],"line":255},"21":{"loc":{"start":{"line":259,"column":8},"end":{"line":259,"column":29}},"type":"binary-expr","locations":[{"start":{"line":259,"column":8},"end":{"line":259,"column":23}},{"start":{"line":259,"column":27},"end":{"line":259,"column":29}}],"line":259},"22":{"loc":{"start":{"line":260,"column":8},"end":{"line":260,"column":56}},"type":"binary-expr","locations":[{"start":{"line":260,"column":8},"end":{"line":260,"column":22}},{"start":{"line":260,"column":26},"end":{"line":260,"column":51}},{"start":{"line":260,"column":55},"end":{"line":260,"column":56}}],"line":260},"23":{"loc":{"start":{"line":261,"column":8},"end":{"line":261,"column":51}},"type":"binary-expr","locations":[{"start":{"line":261,"column":8},"end":{"line":261,"column":22}},{"start":{"line":261,"column":26},"end":{"line":261,"column":46}},{"start":{"line":261,"column":50},"end":{"line":261,"column":51}}],"line":261},"24":{"loc":{"start":{"line":271,"column":6},"end":{"line":279,"column":7}},"type":"if","locations":[{"start":{"line":271,"column":6},"end":{"line":279,"column":7}},{"start":{},"end":{}}],"line":271},"25":{"loc":{"start":{"line":271,"column":10},"end":{"line":271,"column":67}},"type":"binary-expr","locations":[{"start":{"line":271,"column":10},"end":{"line":271,"column":31}},{"start":{"line":271,"column":35},"end":{"line":271,"column":67}}],"line":271},"26":{"loc":{"start":{"line":292,"column":4},"end":{"line":292,"column":24}},"type":"if","locations":[{"start":{"line":292,"column":4},"end":{"line":292,"column":24}},{"start":{},"end":{}}],"line":292},"27":{"loc":{"start":{"line":310,"column":6},"end":{"line":338,"column":7}},"type":"if","locations":[{"start":{"line":310,"column":6},"end":{"line":338,"column":7}},{"start":{},"end":{}}],"line":310},"28":{"loc":{"start":{"line":315,"column":8},"end":{"line":321,"column":9}},"type":"if","locations":[{"start":{"line":315,"column":8},"end":{"line":321,"column":9}},{"start":{},"end":{}}],"line":315},"29":{"loc":{"start":{"line":323,"column":8},"end":{"line":329,"column":9}},"type":"if","locations":[{"start":{"line":323,"column":8},"end":{"line":329,"column":9}},{"start":{},"end":{}}],"line":323},"30":{"loc":{"start":{"line":331,"column":8},"end":{"line":337,"column":9}},"type":"if","locations":[{"start":{"line":331,"column":8},"end":{"line":337,"column":9}},{"start":{},"end":{}}],"line":331},"31":{"loc":{"start":{"line":347,"column":44},"end":{"line":347,"column":54}},"type":"default-arg","locations":[{"start":{"line":347,"column":52},"end":{"line":347,"column":54}}],"line":347},"32":{"loc":{"start":{"line":352,"column":4},"end":{"line":355,"column":5}},"type":"if","locations":[{"start":{"line":352,"column":4},"end":{"line":355,"column":5}},{"start":{},"end":{}}],"line":352},"33":{"loc":{"start":{"line":359,"column":4},"end":{"line":361,"column":5}},"type":"if","locations":[{"start":{"line":359,"column":4},"end":{"line":361,"column":5}},{"start":{},"end":{}}],"line":359},"34":{"loc":{"start":{"line":365,"column":4},"end":{"line":367,"column":5}},"type":"if","locations":[{"start":{"line":365,"column":4},"end":{"line":367,"column":5}},{"start":{},"end":{}}],"line":365},"35":{"loc":{"start":{"line":380,"column":48},"end":{"line":380,"column":58}},"type":"default-arg","locations":[{"start":{"line":380,"column":56},"end":{"line":380,"column":58}}],"line":380},"36":{"loc":{"start":{"line":381,"column":4},"end":{"line":381,"column":27}},"type":"if","locations":[{"start":{"line":381,"column":4},"end":{"line":381,"column":27}},{"start":{},"end":{}}],"line":381},"37":{"loc":{"start":{"line":407,"column":16},"end":{"line":407,"column":32}},"type":"binary-expr","locations":[{"start":{"line":407,"column":16},"end":{"line":407,"column":26}},{"start":{"line":407,"column":30},"end":{"line":407,"column":32}}],"line":407},"38":{"loc":{"start":{"line":436,"column":6},"end":{"line":436,"column":36}},"type":"if","locations":[{"start":{"line":436,"column":6},"end":{"line":436,"column":36}},{"start":{},"end":{}}],"line":436},"39":{"loc":{"start":{"line":442,"column":10},"end":{"line":464,"column":11}},"type":"if","locations":[{"start":{"line":442,"column":10},"end":{"line":464,"column":11}},{"start":{"line":446,"column":17},"end":{"line":464,"column":11}}],"line":442},"40":{"loc":{"start":{"line":454,"column":22},"end":{"line":454,"column":39}},"type":"binary-expr","locations":[{"start":{"line":454,"column":22},"end":{"line":454,"column":33}},{"start":{"line":454,"column":37},"end":{"line":454,"column":39}}],"line":454},"41":{"loc":{"start":{"line":476,"column":21},"end":{"line":476,"column":44}},"type":"binary-expr","locations":[{"start":{"line":476,"column":21},"end":{"line":476,"column":38}},{"start":{"line":476,"column":42},"end":{"line":476,"column":44}}],"line":476},"42":{"loc":{"start":{"line":477,"column":20},"end":{"line":477,"column":41}},"type":"binary-expr","locations":[{"start":{"line":477,"column":20},"end":{"line":477,"column":35}},{"start":{"line":477,"column":39},"end":{"line":477,"column":41}}],"line":477},"43":{"loc":{"start":{"line":480,"column":4},"end":{"line":480,"column":51}},"type":"if","locations":[{"start":{"line":480,"column":4},"end":{"line":480,"column":51}},{"start":{},"end":{}}],"line":480},"44":{"loc":{"start":{"line":488,"column":24},"end":{"line":488,"column":50}},"type":"binary-expr","locations":[{"start":{"line":488,"column":24},"end":{"line":488,"column":44}},{"start":{"line":488,"column":48},"end":{"line":488,"column":50}}],"line":488},"45":{"loc":{"start":{"line":490,"column":22},"end":{"line":490,"column":86}},"type":"binary-expr","locations":[{"start":{"line":490,"column":22},"end":{"line":490,"column":37}},{"start":{"line":490,"column":41},"end":{"line":490,"column":86}}],"line":490},"46":{"loc":{"start":{"line":497,"column":21},"end":{"line":497,"column":44}},"type":"binary-expr","locations":[{"start":{"line":497,"column":21},"end":{"line":497,"column":38}},{"start":{"line":497,"column":42},"end":{"line":497,"column":44}}],"line":497},"47":{"loc":{"start":{"line":499,"column":4},"end":{"line":499,"column":50}},"type":"if","locations":[{"start":{"line":499,"column":4},"end":{"line":499,"column":50}},{"start":{},"end":{}}],"line":499},"48":{"loc":{"start":{"line":504,"column":34},"end":{"line":504,"column":44}},"type":"default-arg","locations":[{"start":{"line":504,"column":42},"end":{"line":504,"column":44}}],"line":504},"49":{"loc":{"start":{"line":524,"column":4},"end":{"line":524,"column":61}},"type":"if","locations":[{"start":{"line":524,"column":4},"end":{"line":524,"column":61}},{"start":{},"end":{}}],"line":524},"50":{"loc":{"start":{"line":527,"column":23},"end":{"line":527,"column":40}},"type":"binary-expr","locations":[{"start":{"line":527,"column":23},"end":{"line":527,"column":34}},{"start":{"line":527,"column":38},"end":{"line":527,"column":40}}],"line":527},"51":{"loc":{"start":{"line":528,"column":27},"end":{"line":528,"column":52}},"type":"binary-expr","locations":[{"start":{"line":528,"column":27},"end":{"line":528,"column":46}},{"start":{"line":528,"column":50},"end":{"line":528,"column":52}}],"line":528},"52":{"loc":{"start":{"line":533,"column":31},"end":{"line":533,"column":71}},"type":"binary-expr","locations":[{"start":{"line":533,"column":31},"end":{"line":533,"column":41}},{"start":{"line":533,"column":45},"end":{"line":533,"column":66}},{"start":{"line":533,"column":70},"end":{"line":533,"column":71}}],"line":533},"53":{"loc":{"start":{"line":533,"column":73},"end":{"line":533,"column":96}},"type":"binary-expr","locations":[{"start":{"line":533,"column":73},"end":{"line":533,"column":91}},{"start":{"line":533,"column":95},"end":{"line":533,"column":96}}],"line":533},"54":{"loc":{"start":{"line":534,"column":30},"end":{"line":534,"column":70}},"type":"binary-expr","locations":[{"start":{"line":534,"column":30},"end":{"line":534,"column":40}},{"start":{"line":534,"column":44},"end":{"line":534,"column":65}},{"start":{"line":534,"column":69},"end":{"line":534,"column":70}}],"line":534},"55":{"loc":{"start":{"line":534,"column":72},"end":{"line":534,"column":95}},"type":"binary-expr","locations":[{"start":{"line":534,"column":72},"end":{"line":534,"column":90}},{"start":{"line":534,"column":94},"end":{"line":534,"column":95}}],"line":534},"56":{"loc":{"start":{"line":554,"column":6},"end":{"line":564,"column":7}},"type":"if","locations":[{"start":{"line":554,"column":6},"end":{"line":564,"column":7}},{"start":{"line":559,"column":13},"end":{"line":564,"column":7}}],"line":554},"57":{"loc":{"start":{"line":556,"column":35},"end":{"line":556,"column":60}},"type":"binary-expr","locations":[{"start":{"line":556,"column":35},"end":{"line":556,"column":54}},{"start":{"line":556,"column":58},"end":{"line":556,"column":60}}],"line":556},"58":{"loc":{"start":{"line":556,"column":67},"end":{"line":556,"column":88}},"type":"binary-expr","locations":[{"start":{"line":556,"column":67},"end":{"line":556,"column":82}},{"start":{"line":556,"column":86},"end":{"line":556,"column":88}}],"line":556},"59":{"loc":{"start":{"line":558,"column":31},"end":{"line":558,"column":55}},"type":"binary-expr","locations":[{"start":{"line":558,"column":31},"end":{"line":558,"column":50}},{"start":{"line":558,"column":54},"end":{"line":558,"column":55}}],"line":558},"60":{"loc":{"start":{"line":558,"column":60},"end":{"line":558,"column":80}},"type":"binary-expr","locations":[{"start":{"line":558,"column":60},"end":{"line":558,"column":75}},{"start":{"line":558,"column":79},"end":{"line":558,"column":80}}],"line":558},"61":{"loc":{"start":{"line":569,"column":23},"end":{"line":569,"column":40}},"type":"binary-expr","locations":[{"start":{"line":569,"column":23},"end":{"line":569,"column":35}},{"start":{"line":569,"column":39},"end":{"line":569,"column":40}}],"line":569},"62":{"loc":{"start":{"line":569,"column":45},"end":{"line":5
[...]
":25,"column":123}},"7":{"start":{"line":28,"column":4},"end":{"line":32,"column":6}},"8":{"start":{"line":36,"column":4},"end":{"line":36,"column":64}},"9":{"start":{"line":38,"column":4},"end":{"line":79,"column":5}},"10":{"start":{"line":40,"column":21},"end":{"line":55,"column":8}},"11":{"start":{"line":57,"column":6},"end":{"line":57,"column":76}},"12":{"start":{"line":58,"column":6},"end":{"line":58,"column":30}},"13":{"start":{"line":61,"column":6},"end":{"line":61,"column":80}},"14":{"start":{"line":63,"column":6},"end":{"line":78,"column":7}},"15":{"start":{"line":65,"column":25},"end":{"line":70,"column":10}},"16":{"start":{"line":72,"column":8},"end":{"line":72,"column":81}},"17":{"start":{"line":73,"column":8},"end":{"line":73,"column":39}},"18":{"start":{"line":76,"column":8},"end":{"line":76,"column":91}},"19":{"start":{"line":77,"column":8},"end":{"line":77,"column":64}},"20":{"start":{"line":83,"column":4},"end":{"line":83,"column":89}},"21":{"start":{"line":85,"column":4},"end":{"line":112,"column":5}},"22":{"start":{"line":87,"column":21},"end":{"line":90,"column":8}},"23":{"start":{"line":92,"column":6},"end":{"line":92,"column":116}},"24":{"start":{"line":93,"column":6},"end":{"line":93,"column":90}},"25":{"start":{"line":96,"column":6},"end":{"line":96,"column":80}},"26":{"start":{"line":98,"column":6},"end":{"line":111,"column":7}},"27":{"start":{"line":100,"column":25},"end":{"line":102,"column":10}},"28":{"start":{"line":104,"column":26},"end":{"line":104,"column":39}},"29":{"start":{"line":105,"column":8},"end":{"line":105,"column":135}},"30":{"start":{"line":106,"column":8},"end":{"line":106,"column":104}},"31":{"start":{"line":109,"column":8},"end":{"line":109,"column":91}},"32":{"start":{"line":110,"column":8},"end":{"line":110,"column":44}},"33":{"start":{"line":116,"column":28},"end":{"line":116,"column":83}},"34":{"start":{"line":117,"column":25},"end":{"line":117,"column":27}},"35":{"start":{"line":119,"column":4},"end":{"line":128,"column":5}},"36":{"start":{"line":120,"column":24},"end":{"line":120,"column":73}},"37":{"start":{"line":121,"column":25},"end":{"line":121,"column":74}},"38":{"start":{"line":123,"column":6},"end":{"line":127,"column":9}},"39":{"start":{"line":130,"column":4},"end":{"line":132,"column":19}},"40":{"start":{"line":131,"column":22},"end":{"line":131,"column":49}},"41":{"start":{"line":137,"column":17},"end":{"line":137,"column":42}},"42":{"start":{"line":139,"column":4},"end":{"line":149,"column":5}},"43":{"start":{"line":140,"column":6},"end":{"line":140,"column":31}},"44":{"start":{"line":141,"column":11},"end":{"line":149,"column":5}},"45":{"start":{"line":142,"column":6},"end":{"line":142,"column":29}},"46":{"start":{"line":143,"column":11},"end":{"line":149,"column":5}},"47":{"start":{"line":144,"column":6},"end":{"line":144,"column":31}},"48":{"start":{"line":145,"column":11},"end":{"line":149,"column":5}},"49":{"start":{"line":146,"column":6},"end":{"line":146,"column":38}},"50":{"start":{"line":147,"column":11},"end":{"line":149,"column":5}},"51":{"start":{"line":148,"column":6},"end":{"line":148,"column":34}},"52":{"start":{"line":151,"column":4},"end":{"line":151,"column":32}},"53":{"start":{"line":156,"column":18},"end":{"line":156,"column":49}},"54":{"start":{"line":157,"column":22},"end":{"line":157,"column":44}},"55":{"start":{"line":159,"column":4},"end":{"line":162,"column":7}},"56":{"start":{"line":160,"column":19},"end":{"line":160,"column":40}},"57":{"start":{"line":161,"column":6},"end":{"line":161,"column":33}},"58":{"start":{"line":165,"column":22},"end":{"line":165,"column":83}},"59":{"start":{"line":165,"column":63},"end":{"line":165,"column":78}},"60":{"start":{"line":166,"column":4},"end":{"line":166,"column":69}},"61":{"start":{"line":166,"column":32},"end":{"line":166,"column":67}},"62":{"start":{"line":170,"column":15},"end":{"line":170,"column":16}},"63":{"start":{"line":171,"column":4},"end":{"line":175,"column":5}},"64":{"start":{"line":171,"column":17},"end":{"line":171,"column":18}},"65":{"start":{"line":172,"column":19},"end":{"line":172,"column":36}},"66":{"start":{"line":173,"column":6},"end":{"line":173,"column":41}},"67":{"start":{"line":174,"column":6},"end":{"line":174,"column":25}},"68":{"start":{"line":176,"column":4},"end":{"line":176,"column":26}},"69":{"start":{"line":180,"column":4},"end":{"line":180,"column":46}},"70":{"start":{"line":180,"column":37},"end":{"line":180,"column":46}},"71":{"start":{"line":182,"column":21},"end":{"line":182,"column":22}},"72":{"start":{"line":183,"column":16},"end":{"line":183,"column":17}},"73":{"start":{"line":184,"column":16},"end":{"line":184,"column":17}},"74":{"start":{"line":186,"column":4},"end":{"line":190,"column":5}},"75":{"start":{"line":186,"column":17},"end":{"line":186,"column":18}},"76":{"start":{"line":187,"column":6},"end":{"line":187,"column":38}},"77":{"start":{"line":188,"column":6},"end":{"line":188,"column":33}},"78":{"start":{"line":189,"column":6},"end":{"line":189,"column":33}},"79":{"start":{"line":192,"column":4},"end":{"line":192,"column":62}},"80":{"start":{"line":196,"column":23},"end":{"line":199,"column":5}},"81":{"start":{"line":201,"column":4},"end":{"line":205,"column":5}},"82":{"start":{"line":202,"column":6},"end":{"line":204,"column":7}},"83":{"start":{"line":203,"column":8},"end":{"line":203,"column":24}},"84":{"start":{"line":207,"column":4},"end":{"line":207,"column":32}},"85":{"start":{"line":211,"column":24},"end":{"line":211,"column":102}},"86":{"start":{"line":212,"column":20},"end":{"line":212,"column":22}},"87":{"start":{"line":214,"column":4},"end":{"line":220,"column":5}},"88":{"start":{"line":215,"column":6},"end":{"line":215,"column":68}},"89":{"start":{"line":216,"column":11},"end":{"line":220,"column":5}},"90":{"start":{"line":217,"column":6},"end":{"line":217,"column":49}},"91":{"start":{"line":218,"column":11},"end":{"line":220,"column":5}},"92":{"start":{"line":219,"column":6},"end":{"line":219,"column":51}},"93":{"start":{"line":222,"column":4},"end":{"line":224,"column":5}},"94":{"start":{"line":223,"column":6},"end":{"line":223,"column":69}},"95":{"start":{"line":226,"column":4},"end":{"line":226,"column":90}},"96":{"start":{"line":230,"column":4},"end":{"line":233,"column":6}},"97":{"start":{"line":231,"column":6},"end":{"line":232,"column":67}},"98":{"start":{"line":231,"column":23},"end":{"line":232,"column":66}},"99":{"start":{"line":239,"column":2},"end":{"line":239,"column":66}},"100":{"start":{"line":240,"column":2},"end":{"line":240,"column":24}},"101":{"start":{"line":242,"column":17},"end":{"line":242,"column":35}},"102":{"start":{"line":245,"column":22},"end":{"line":245,"column":105}},"103":{"start":{"line":246,"column":19},"end":{"line":246,"column":60}},"104":{"start":{"line":247,"column":2},"end":{"line":247,"column":54}},"105":{"start":{"line":250,"column":20},"end":{"line":253,"column":3}},"106":{"start":{"line":255,"column":18},"end":{"line":255,"column":81}},"107":{"start":{"line":256,"column":2},"end":{"line":256,"column":53}},"108":{"start":{"line":258,"column":2},"end":{"line":258,"column":63}},"109":{"start":{"line":261,"column":0},"end":{"line":263,"column":1}},"110":{"start":{"line":262,"column":2},"end":{"line":262,"column":36}},"111":{"start":{"line":265,"column":0},"end":{"line":265,"column":34}}},"fnMap":{"0":{"name":"(anonymous_0)","decl":{"start":{"line":11,"column":2},"end":{"line":11,"column":3}},"loc":{"start":{"line":11,"column":16},"end":{"line":33,"column":3}},"line":11},"1":{"name":"(anonymous_1)","decl":{"start":{"line":35,"column":2},"end":{"line":35,"column":3}},"loc":{"start":{"line":35,"column":44},"end":{"line":80,"column":3}},"line":35},"2":{"name":"(anonymous_2)","decl":{"start":{"line":82,"column":2},"end":{"line":82,"column":3}},"loc":{"start":{"line":82,"column":32},"end":{"line":113,"column":3}},"line":82},"3":{"name":"(anonymous_3)","decl":{"start":{"line":115,"column":2},"end":{"line":115,"column":3}},"loc":{"start":{"line":115,"column":57},"end":{"line":133,"column":3}},"line":115},"4":{"name":"(anonymous_4)","decl":{"start":{"line":131,"column":12},"end":{"line":131,"column":13}},"loc":{"start":{"line":131,"column":22},"end":{"line":131,"column":49}},"line":131},"5":{"name":"(anonymous_5)","decl":{"start":{"line":136,"column":2},"end":{"line":136,"column":3}},"loc":{"start":{"line":136,"column":39},"end":{"line":152,"column":3}},"line":136},"6":{"name":"(anonymous_6)","decl":{"start":{"line":154,"column":2},"end":{"line":154,"column":3}},"loc":{"start":{"line":154,"column":26},"end":{"line":167,"column":3}},"line":154},"7":{"name":"(anonymous_7)","decl":{"start":{"line":159,"column":18},"end":{"line":159,"column":19}},"loc":{"start":{"line":159,"column":31},"end":{"line":162,"column":5}},"line":159},"8":{"name":"(anonymous_8)","decl":{"start":{"line":165,"column":49},"end":{"line":165,"column":50}},"loc":{"start":{"line":165,"column":63},"end":{"line":165,"column":78}},"line":165},"9":{"name":"(anonymous_9)","decl":{"start":{"line":166,"column":25},"end":{"line":166,"column":26}},"loc":{"start":{"line":166,"column":32},"end":{"line":166,"column":67}},"line":166},"10":{"name":"(anonymous_10)","decl":{"start":{"line":169,"column":2},"end":{"line":169,"column":3}},"loc":{"start":{"line":169,"column":18},"end":{"line":177,"column":3}},"line":169},"11":{"name":"(anonymous_11)","decl":{"start":{"line":179,"column":2},"end":{"line":179,"column":3}},"loc":{"start":{"line":179,"column":31},"end":{"line":193,"column":3}},"line":179},"12":{"name":"(anonymous_12)","decl":{"start":{"line":195,"column":2},"end":{"line":195,"column":3}},"loc":{"start":{"line":195,"column":33},"end":{"line":208,"column":3}},"line":195},"13":{"name":"(anonymous_13)","decl":{"start":{"line":210,"column":2},"end":{"line":210,"column":3}},"loc":{"start":{"line":210,"column":52},"end":{"line":227,"column":3}},"line":210},"14":{"name":"(anonymous_14)","decl":{"start":{"line":229,"column":2},"end":{"line":229,"column":3}},"loc":{"start":{"line":229,"column":38},"end":{"line":234,"column":3}},"line":229},"15":{"name":"(anonymous_15)","decl":{"start":{"line":230,"column":25},"end":{"line":230,"column":26}},"loc":{"start":{"line":231,"column":6},"end":{"line":232,"column":67}},"line":231},"16":{"name":"(anonymous_16)","decl":{"start":{"line":231,"column":18},"end":{"line":231,"column":19}},"loc":{"start":{"line":231,"column":23},"end":{"line":232,"column":66}},"line":231},"17":{"name":"testFastAI","decl":{"start":{"line":238,"column":15},"end":{"line":238,"column":25}},"loc":{"start":{"line":238,"column":28},"end":{"line":259,"column":1}},"line":238}},"branchMap":{"0":{"loc":{"start":{"line":12,"column":20},"end":{"line":12,"column":88}},"type":"binary-expr","locations":[{"start":{"line":12,"column":20},"end":{"line":12,"column":51}},{"start":{"line":12,"column":55},"end":{"line":12,"column":88}}],"line":12},"1":{"loc":{"start":{"line":25,"column":54},"end":{"line":25,"column":119}},"type":"cond-expr","locations":[{"start":{"line":25,"column":70},"end":{"line":25,"column":107}},{"start":{"line":25,"column":110},"end":{"line":25,"column":119}}],"line":25},"2":{"loc":{"start":{"line":92,"column":63},"end":{"line":92,"column":112}},"type":"cond-expr","locations":[{"start":{"line":92,"column":87},"end":{"line":92,"column":100}},{"start":{"line":92,"column":103},"end":{"line":92,"column":112}}],"line":92},"3":{"loc":{"start":{"line":93,"column":13},"end":{"line":93,"column":89}},"type":"cond-expr","locations":[{"start":{"line":93,"column":40},"end":{"line":93,"column":49}},{"start":{"line":93,"column":53},"end":{"line":93,"column":88}}],"line":93},"4":{"loc":{"start":{"line":93,"column":53},"end":{"line":93,"column":88}},"type":"cond-expr","locations":[{"start":{"line":93,"column":77},"end":{"line":93,"column":83}},{"start":{"line":93,"column":86},"end":{"line":93,"column":88}}],"line":93},"5":{"loc":{"start":{"line":105,"column":76},"end":{"line":105,"column":131}},"type":"cond-expr","locations":[{"start":{"line":105,"column":103},"end":{"line":105,"column":119}},{"start":{"line":105,"column":122},"end":{"line":105,"column":131}}],"line":105},"6":{"loc":{"start":{"line":106,"column":15},"end":{"line":106,"column":103}},"type":"cond-expr","locations":[{"start":{"line":106,"column":45},"end":{"line":106,"column":57}},{"start":{"line":106,"column":61},"end":{"line":106,"column":102}}],"line":106},"7":{"loc":{"start":{"line":106,"column":61},"end":{"line":106,"column":102}},"type":"cond-expr","locations":[{"start":{"line":106,"column":88},"end":{"line":106,"column":97}},{"start":{"line":106,"column":100},"end":{"line":106,"column":102}}],"line":106},"8":{"loc":{"start":{"line":139,"column":4},"end":{"line":149,"column":5}},"type":"if","locations":[{"start":{"line":139,"column":4},"end":{"line":149,"column":5}},{"start":{"line":141,"column":11},"end":{"line":149,"column":5}}],"line":139},"9":{"loc":{"start":{"line":139,"column":8},"end":{"line":139,"column":111}},"type":"binary-expr","locations":[{"start":{"line":139,"column":8},"end":{"line":139,"column":30}},{"start":{"line":139,"column":34},"end":{"line":139,"column":54}},{"start":{"line":139,"column":58},"end":{"line":139,"column":82}},{"start":{"line":139,"column":86},"end":{"line":139,"column":111}}],"line":139},"10":{"loc":{"start":{"line":141,"column":11},"end":{"line":149,"column":5}},"type":"if","locations":[{"start":{"line":141,"column":11},"end":{"line":149,"column":5}},{"start":{"line":143,"column":11},"end":{"line":149,"column":5}}],"line":141},"11":{"loc":{"start":{"line":141,"column":15},"end":{"line":141,"column":121}},"type":"binary-expr","locations":[{"start":{"line":141,"column":15},"end":{"line":141,"column":34}},{"start":{"line":141,"column":38},"end":{"line":141,"column":71}},{"start":{"line":141,"column":75},"end":{"line":141,"column":94}},{"start":{"line":141,"column":98},"end":{"line":141,"column":121}}],"line":141},"12":{"loc":{"start":{"line":143,"column":11},"end":{"line":149,"column":5}},"type":"if","locations":[{"start":{"line":143,"column":11},"end":{"line":149,"column":5}},{"start":{"line":145,"column":11},"end":{"line":149,"column":5}}],"line":143},"13":{"loc":{"start":{"line":143,"column":15},"end":{"line":143,"column":116}},"type":"binary-expr","locations":[{"start":{"line":143,"column":15},"end":{"line":143,"column":35}},{"start":{"line":143,"column":39},"end":{"line":143,"column":62}},{"start":{"line":143,"column":66},"end":{"line":143,"column":88}},{"start":{"line":143,"column":92},"end":{"line":143,"column":116}}],"line":143},"14":{"loc":{"start":{"line":145,"column":11},"end":{"line":149,"column":5}},"type":"if","locations":[{"start":{"line":145,"column":11},"end":{"line":149,"column":5}},{"start":{"line":147,"column":11},"end":{"line":149,"column":5}}],"line":145},"15":{"loc":{"start":{"line":145,"column":15},"end":{"line":145,"column":117}},"type":"binary-expr","locations":[{"start":{"line":145,"column":15},"end":{"line":145,"column":40}},{"start":{"line":145,"column":44},"end":{"line":145,"column":66}},{"start":{"line":145,"column":70},"end":{"line":145,"column":93}},{"start":{"line":145,"column":97},"end":{"line":145,"column":117}}],"line":145},"16":{"loc":{"start":{"line":147,"column":11},"end":{"line":149,"column":5}},"type":"if","locations":[{"start":{"line":147,"column":11},"end":{"line":149,"column":5}},{"start":{},"end":{}}],"line":147},"17":{"loc":{"start":{"line":147,"column":15},"end":{"line":147,"column":118}},"type":"binary-expr","locations":[{"start":{"line":147,"column":15},"end":{"line":147,"column":38}},{"start":{"line":147,"column":42},"end":{"line":147,"column":62}},{"start":{"line":147,"column":66},"end":{"line":147,"column":90}},{"start":{"line":147,"column":94},"end":{"line":147,"column":118}}],"line":147},"18":{"loc":{"start":{"line":166,"column":32},"end":{"line":166,"column":67}},"type":"cond-expr","locations":[{"start":{"line":166,"column":48},"end":{"line":166,"column":63}},{"start":{"line":166,"column":66},"end":{"line":166,"column":67}}],"line":166},"19":{"loc":{"start":{"line":180,"column":4},"end":{"line":180,"column":46}},"type":"if","locations":[{"start":{"line":180,"column":4},"end":{"line":180,"column":46}},{"start":{},"end":{}}],"line":180},"20":{"loc":{"start":{"line":202,"column":6},"end":{"line":204,"column":7}},"type":"if","locations":[{"start":{"line":202,"column":6},"end":{"line":204,"column":7}},{"start":{},"end":{}}],"line":202},"21":{"loc":{"start":{"line":211,"column":49},"end":{"line":211,"column":74}},"type":"binary-expr","locations":[{"start":{"line":211,"column":49},"end":{"line":211,"column":68}},{"start":{"line":211,"column":72},"end":{"line":211,"column":74}}],"line":211},"22":{"loc":{"start":{"line":211,"column":76},"end":{"line":211,"column":101}},"type":"binary-expr","locations":[{"start":{"line":211,"column":76},"end":{"line":211,"column":95}},{"start":{"line":211,"column":99},"end":{"line":211,"column":101}}],"line":211},"23":{"loc":{"start":{"line":214,"column":4},"end":{"line":220,"column":5}},"type":"if","locations":[{"start":{"line":214,"column":4},"end":{"line":220,"column":5}},{"start":{"line":216,"column":11},"end":{"line":220,"column":5}}],"line":214},"24":{"loc":{"start":{"line":216,"column":11},"end":{"line":220,"column":5}},"type":"if","locations":[{"start":{"line":216,"column":11},"end":{"line":220,"column":5}},{"start":{"line":218,"column":11},"end":{"line":220,"column":5}}],"line":216},"25":{"loc":{"start":{"line":218,"column":11},"end":{"line":220,"column":5}},"type":"if","locations":[{"start":{"line":218,"column":11},"end":{"line":220,"column":5}},{"start":{},"end":{}}],"line":218},"26":{"loc":{"start":{"line":222,"column":4},"end":{"line":224,"column":5}},"type":"if","locations":[{"start":{"line":222,"column":4},"end":{"line":224,"column":5}},{"start":{},"end":{}}],"line":222},"27":{"loc":{"start":{"line":226,"column":11},"end":{"line":226,"column":89}},"type":"cond-expr","locations":[{"start":{"line":226,"column":32},"end":{"line":226,"column":50}},{"start":{"line":226,"column":53},"end":{"line":226,"column":89}}],"line":226},"28":{"loc":{"start":{"line":231,"column":23},"end":{"line":232,"column":66}},"type":"binary-expr","locations":[{"start":{"line":231,"column":23},"end":{"line":231,"column":67}},{"start":{"line":232,"column":22},"end":{"line":232,"column":66}}],"line":231},"29":{"loc":{"start":{"line":261,"column":0},"end":{"line":263,"column":1}},"type":"if","locations":[{"start":{"line":261,"column":0},"end":{"line":263,"column":1}},{"start":{},"end":{}}],"line":261}},"s":{"0":1,"1":1,"2":1,"3":10,"4":10,"5":10,"6":10,"7":10,"8":3,"9":3,"10":3,"11":1,"12":1,"13":2,"14":2,"15":2,"16":1,"17":1,"18":1,"19":1,"20":7,"21":7,"22":7,"23":6,"24":6,"25":1,"26":1,"27":1,"28":0,"29":0,"30":0,"31":1,"32":1,"33":1,"34":1,"35":1,"36":3,"37":3,"38":3,"39":1,"40":2,"41":1,"42":1,"43":1,"44":0,"45":0,"46":0,"47":0,"48":0,"49":0,"50":0,"51":0,"52":0,"53":1,"54":1,"55":1,"56":2,"57":2,"58":1,"59":384,"60":1,"61":384,"62":2,"63":2,"64":2,"65":8,"66":8,"67":8,"68":2,"69":5,"70":0,"71":5,"72":5,"73":5,"74":5,"75":5,"76":1158,"77":1158,"78":1158,"79":5,"80":0,"81":0,"82":0,"83":0,"84":0,"85":4,"86":4,"87":4,"88":3,"89":1,"90":1,"91":0,"92":0,"93":4,"94":1,"95":4,"96":4,"97":3,"98":7,"99":0,"100":0,"101":0,"102":0,"103":0,"104":0,"105":0,"106":0,"107":0,"108":0,"109":1,"110":0,"111":1},"f":{"0":10,"1":3,"2":7,"3":1,"4":2,"5":1,"6":1,"7":2,"8":384,"9":384,"10":2,"11":5,"12":0,"13":4,"14":4,"15":3,"16":7,"17":0},"b":{"0":[10,0],"1":[10,0],"2":[6,0],"3":[6,0],"4":[0,0],"5":[0,0],"6":[0,0],"7":[0,0],"8":[1,0],"9":[1,0,0,0],"10":[0,0],"11":[0,0,0,0],"12":[0,0],"13":[0,0,0,0],"14":[0,0],"15":[0,0,0,0],"16":[0,0],"17":[0,0,0,0],"18":[384,0],"19":[0,5],"20":[0,0],"21":[4,3],"22":[4,3],"23":[3,1],"24":[1,0],"25":[0,0],"26":[1,3],"27":[4,0],"28":[7,6],"29":[0,1]},"_coverageSchema":"1a1c01bbd47fc00a2c39e90264f33305004495a9","hash":"04f3c42e2932cc67ffc1cf9b4c233aaaadcac4aa"}
}
