TN:
SF:api-server.js
FN:47,parseRepoUrl
FN:54,(anonymous_1)
FN:87,(anonymous_2)
FN:88,(anonymous_3)
FN:89,(anonymous_4)
FN:143,(anonymous_5)
FN:150,(anonymous_6)
FN:155,(anonymous_7)
FN:198,(anonymous_8)
FN:211,(anonymous_9)
FN:234,(anonymous_10)
FNF:11
FNH:3
FNDA:1,parseRepoUrl
FNDA:2,(anonymous_1)
FNDA:0,(anonymous_2)
FNDA:0,(anonymous_3)
FNDA:0,(anonymous_4)
FNDA:0,(anonymous_5)
FNDA:0,(anonymous_6)
FNDA:0,(anonymous_7)
FNDA:1,(anonymous_8)
FNDA:0,(anonymous_9)
FNDA:0,(anonymous_10)
DA:6,1
DA:7,1
DA:8,1
DA:9,1
DA:10,1
DA:11,1
DA:13,1
DA:14,1
DA:16,1
DA:17,1
DA:18,1
DA:21,1
DA:22,1
DA:25,1
DA:26,0
DA:28,1
DA:29,1
DA:33,1
DA:44,1
DA:48,1
DA:49,1
DA:50,0
DA:54,1
DA:55,2
DA:57,2
DA:58,2
DA:59,2
DA:60,1
DA:63,1
DA:66,1
DA:69,0
DA:70,0
DA:71,0
DA:74,0
DA:75,0
DA:76,0
DA:79,0
DA:80,0
DA:81,0
DA:84,0
DA:87,0
DA:88,0
DA:89,0
DA:91,0
DA:97,0
DA:100,0
DA:102,0
DA:108,0
DA:121,0
DA:124,0
DA:143,0
DA:150,0
DA:155,0
DA:168,0
DA:169,0
DA:172,1
DA:173,1
DA:180,1
DA:188,1
DA:198,1
DA:199,1
DA:211,1
DA:213,0
DA:214,0
DA:217,0
DA:233,1
DA:234,0
DA:235,0
DA:236,0
DA:237,0
DA:238,0
DA:239,0
DA:240,0
DA:241,0
DA:242,0
DA:243,0
DA:244,0
DA:245,0
DA:246,0
DA:247,0
DA:248,0
DA:249,0
DA:250,0
DA:254,1
LF:84
LH:37
BRDA:14,0,0,1
BRDA:14,0,1,0
BRDA:25,1,0,0
BRDA:25,1,1,1
BRDA:49,2,0,1
BRDA:49,2,1,0
BRDA:59,3,0,1
BRDA:59,3,1,1
BRDA:88,4,0,0
BRDA:88,4,1,0
BRDA:131,5,0,0
BRDA:131,5,1,0
BRDA:180,6,0,0
BRDA:180,6,1,1
BRDA:182,7,0,0
BRDA:182,7,1,1
BRDA:184,8,0,0
BRDA:184,8,1,1
BRDA:213,9,0,0
BRDA:213,9,1,0
BRDA:213,10,0,0
BRDA:213,10,1,0
BRDA:233,11,0,0
BRDA:233,11,1,1
BRF:24
BRH:9
end_of_record
TN:
SF:company-profile-server.js
FN:36,extractGitHubUsername
FN:61,getCompanyRepositories
FN:138,analyzeCompanyProfile
FN:143,(anonymous_3)
FN:144,(anonymous_4)
FN:145,(anonymous_5)
FN:146,(anonymous_6)
FN:152,(anonymous_7)
FN:164,(anonymous_8)
FN:179,(anonymous_9)
FN:183,(anonymous_10)
FN:185,(anonymous_11)
FN:191,(anonymous_12)
FN:192,(anonymous_13)
FN:199,findSimilarCompanies
FN:227,(anonymous_15)
FN:245,generateFallbackSimilarCompanies
FN:307,(anonymous_17)
FN:374,(anonymous_18)
FN:438,(anonymous_19)
FN:462,(anonymous_20)
FN:513,(anonymous_21)
FNF:22
FNH:0
FNDA:0,extractGitHubUsername
FNDA:0,getCompanyRepositories
FNDA:0,analyzeCompanyProfile
FNDA:0,(anonymous_3)
FNDA:0,(anonymous_4)
FNDA:0,(anonymous_5)
FNDA:0,(anonymous_6)
FNDA:0,(anonymous_7)
FNDA:0,(anonymous_8)
FNDA:0,(anonymous_9)
FNDA:0,(anonymous_10)
FNDA:0,(anonymous_11)
FNDA:0,(anonymous_12)
FNDA:0,(anonymous_13)
FNDA:0,findSimilarCompanies
FNDA:0,(anonymous_15)
FNDA:0,generateFallbackSimilarCompanies
FNDA:0,(anonymous_17)
FNDA:0,(anonymous_18)
FNDA:0,(anonymous_19)
FNDA:0,(anonymous_20)
FNDA:0,(anonymous_21)
DA:5,0
DA:6,0
DA:7,0
DA:8,0
DA:9,0
DA:11,0
DA:12,0
DA:14,0
DA:15,0
DA:18,0
DA:19,0
DA:22,0
DA:33,0
DA:37,0
DA:40,0
DA:41,0
DA:45,0
DA:50,0
DA:51,0
DA:52,0
DA:53,0
DA:57,0
DA:62,0
DA:64,0
DA:66,0
DA:67,0
DA:70,0
DA:80,0
DA:81,0
DA:83,0
DA:97,0
DA:98,0
DA:99,0
DA:100,0
DA:101,0
DA:105,0
DA:109,0
DA:112,0
DA:114,0
DA:132,0
DA:133,0
DA:139,0
DA:141,0
DA:143,0
DA:144,0
DA:145,0
DA:146,0
DA:148,0
DA:152,0
DA:155,0
DA:157,0
DA:159,0
DA:165,0
DA:166,0
DA:168,0
DA:177,0
DA:179,0
DA:180,0
DA:183,0
DA:186,0
DA:187,0
DA:189,0
DA:191,0
DA:192,0
DA:200,0
DA:202,0
DA:204,0
DA:212,0
DA:224,0
DA:227,0
DA:234,0
DA:235,0
DA:238,0
DA:240,0
DA:246,0
DA:249,0
DA:270,0
DA:271,0
DA:275,0
DA:282,0
DA:283,0
DA:284,0
DA:289,0
DA:290,0
DA:292,0
DA:293,0
DA:294,0
DA:295,0
DA:303,0
DA:307,0
DA:308,0
DA:310,0
DA:311,0
DA:313,0
DA:314,0
DA:320,0
DA:323,0
DA:324,0
DA:327,0
DA:330,0
DA:333,0
DA:334,0
DA:335,0
DA:336,0
DA:339,0
DA:340,0
DA:342,0
DA:364,0
DA:365,0
DA:374,0
DA:375,0
DA:377,0
DA:378,0
DA:380,0
DA:381,0
DA:387,0
DA:390,0
DA:391,0
DA:392,0
DA:395,0
DA:398,0
DA:399,0
DA:411,0
DA:413,0
DA:414,0
DA:416,0
DA:428,0
DA:429,0
DA:438,0
DA:439,0
DA:450,0
DA:451,0
DA:452,0
DA:453,0
DA:455,0
DA:458,0
DA:462,0
DA:463,0
DA:464,0
DA:477,0
DA:500,0
DA:513,0
DA:514,0
DA:515,0
DA:516,0
DA:518,0
DA:519,0
DA:520,0
DA:521,0
DA:522,0
DA:524,0
DA:525,0
DA:526,0
DA:527,0
DA:528,0
DA:529,0
DA:531,0
DA:532,0
DA:533,0
DA:534,0
DA:535,0
DA:536,0
DA:538,0
DA:539,0
DA:540,0
DA:541,0
DA:543,0
LF:167
LH:0
BRDA:12,0,0,0
BRDA:12,0,1,0
BRDA:19,1,0,0
BRDA:19,1,1,0
BRDA:37,2,0,0
BRDA:37,2,1,0
BRDA:40,3,0,0
BRDA:40,3,1,0
BRDA:52,4,0,0
BRDA:52,4,1,0
BRDA:52,5,0,0
BRDA:52,5,1,0
BRDA:61,6,0,0
BRDA:89,7,0,0
BRDA:89,7,1,0
BRDA:97,8,0,0
BRDA:97,8,1,0
BRDA:100,9,0,0
BRDA:100,9,1,0
BRDA:144,10,0,0
BRDA:144,10,1,0
BRDA:145,11,0,0
BRDA:145,11,1,0
BRDA:146,12,0,0
BRDA:146,12,1,0
BRDA:165,13,0,0
BRDA:165,13,1,0
BRDA:166,14,0,0
BRDA:166,14,1,0
BRDA:183,15,0,0
BRDA:183,15,1,0
BRDA:186,16,0,0
BRDA:186,16,1,0
BRDA:187,17,0,0
BRDA:187,17,1,0
BRDA:191,18,0,0
BRDA:191,18,1,0
BRDA:192,19,0,0
BRDA:192,19,1,0
BRDA:199,20,0,0
BRDA:206,21,0,0
BRDA:206,21,1,0
BRDA:207,22,0,0
BRDA:207,22,1,0
BRDA:208,23,0,0
BRDA:208,23,1,0
BRDA:231,24,0,0
BRDA:231,24,1,0
BRDA:231,25,0,0
BRDA:231,25,1,0
BRDA:270,26,0,0
BRDA:270,26,1,0
BRDA:270,27,0,0
BRDA:270,27,1,0
BRDA:283,28,0,0
BRDA:283,28,1,0
BRDA:293,29,0,0
BRDA:293,29,1,0
BRDA:311,30,0,0
BRDA:311,31,0,0
BRDA:313,32,0,0
BRDA:313,32,1,0
BRDA:334,33,0,0
BRDA:334,33,1,0
BRDA:334,34,0,0
BRDA:334,34,1,0
BRDA:378,35,0,0
BRDA:380,36,0,0
BRDA:380,36,1,0
BRDA:391,37,0,0
BRDA:391,37,1,0
BRDA:405,38,0,0
BRDA:405,38,1,0
BRDA:525,39,0,0
BRDA:525,39,1,0
BRDA:526,40,0,0
BRDA:526,40,1,0
BRF:77
BRH:0
end_of_record
TN:
SF:database-cached-scout.js
FN:16,initDatabase
FN:43,(anonymous_1)
FN:61,(anonymous_2)
FN:113,(anonymous_3)
FN:118,(anonymous_4)
FN:128,(anonymous_5)
FN:143,(anonymous_6)
FN:154,(anonymous_7)
FN:212,(anonymous_8)
FN:223,(anonymous_9)
FN:229,(anonymous_10)
FN:291,(anonymous_11)
FN:347,(anonymous_12)
FN:380,(anonymous_13)
FN:400,(anonymous_14)
FN:424,(anonymous_15)
FN:441,(anonymous_16)
FN:472,(anonymous_17)
FN:475,(anonymous_18)
FN:481,(anonymous_19)
FN:487,(anonymous_20)
FN:490,(anonymous_21)
FN:496,(anonymous_22)
FN:504,(anonymous_23)
FN:520,(anonymous_24)
FN:529,(anonymous_25)
FN:540,(anonymous_26)
FN:544,(anonymous_27)
FN:553,(anonymous_28)
FN:568,(anonymous_29)
FN:569,(anonymous_30)
FN:573,(anonymous_31)
FN:600,(anonymous_32)
FN:628,(anonymous_33)
FN:628,(anonymous_34)
FN:637,(anonymous_35)
FN:653,(anonymous_36)
FN:661,testDatabaseCached
FN:685,(anonymous_38)
FNF:39
FNH:0
FNDA:0,initDatabase
FNDA:0,(anonymous_1)
FNDA:0,(anonymous_2)
FNDA:0,(anonymous_3)
FNDA:0,(anonymous_4)
FNDA:0,(anonymous_5)
FNDA:0,(anonymous_6)
FNDA:0,(anonymous_7)
FNDA:0,(anonymous_8)
FNDA:0,(anonymous_9)
FNDA:0,(anonymous_10)
FNDA:0,(anonymous_11)
FNDA:0,(anonymous_12)
FNDA:0,(anonymous_13)
FNDA:0,(anonymous_14)
FNDA:0,(anonymous_15)
FNDA:0,(anonymous_16)
FNDA:0,(anonymous_17)
FNDA:0,(anonymous_18)
FNDA:0,(anonymous_19)
FNDA:0,(anonymous_20)
FNDA:0,(anonymous_21)
FNDA:0,(anonymous_22)
FNDA:0,(anonymous_23)
FNDA:0,(anonymous_24)
FNDA:0,(anonymous_25)
FNDA:0,(anonymous_26)
FNDA:0,(anonymous_27)
FNDA:0,(anonymous_28)
FNDA:0,(anonymous_29)
FNDA:0,(anonymous_30)
FNDA:0,(anonymous_31)
FNDA:0,(anonymous_32)
FNDA:0,(anonymous_33)
FNDA:0,(anonymous_34)
FNDA:0,(anonymous_35)
FNDA:0,(anonymous_36)
FNDA:0,testDatabaseCached
FNDA:0,(anonymous_38)
DA:5,0
DA:6,0
DA:7,0
DA:8,0
DA:9,0
DA:10,0
DA:13,0
DA:17,0
DA:19,0
DA:20,0
DA:28,0
DA:29,0
DA:30,0
DA:32,0
DA:33,0
DA:35,0
DA:36,0
DA:37,0
DA:44,0
DA:45,0
DA:55,0
DA:58,0
DA:62,0
DA:64,0
DA:66,0
DA:67,0
DA:68,0
DA:69,0
DA:73,0
DA:74,0
DA:80,0
DA:81,0
DA:82,0
DA:84,0
DA:101,0
DA:104,0
DA:106,0
DA:109,0
DA:114,0
DA:115,0
DA:119,0
DA:120,0
DA:121,0
DA:122,0
DA:124,0
DA:129,0
DA:130,0
DA:132,0
DA:133,0
DA:134,0
DA:135,0
DA:137,0
DA:138,0
DA:139,0
DA:140,0
DA:141,0
DA:142,0
DA:143,0
DA:150,0
DA:155,0
DA:157,0
DA:158,0
DA:159,0
DA:171,0
DA:173,0
DA:175,0
DA:176,0
DA:207,0
DA:208,0
DA:213,0
DA:215,0
DA:216,0
DA:217,0
DA:221,0
DA:223,0
DA:225,0
DA:230,0
DA:232,0
DA:233,0
DA:236,0
DA:268,0
DA:271,0
DA:272,0
DA:273,0
DA:281,0
DA:282,0
DA:283,0
DA:286,0
DA:287,0
DA:292,0
DA:294,0
DA:295,0
DA:298,0
DA:310,0
DA:311,0
DA:312,0
DA:315,0
DA:316,0
DA:323,0
DA:324,0
DA:331,0
DA:332,0
DA:340,0
DA:342,0
DA:348,0
DA:351,0
DA:352,0
DA:353,0
DA:354,0
DA:358,0
DA:359,0
DA:360,0
DA:364,0
DA:365,0
DA:366,0
DA:370,0
DA:371,0
DA:374,0
DA:376,0
DA:377,0
DA:381,0
DA:383,0
DA:384,0
DA:387,0
DA:398,0
DA:400,0
DA:419,0
DA:420,0
DA:426,0
DA:432,0
DA:434,0
DA:435,0
DA:436,0
DA:438,0
DA:439,0
DA:441,0
DA:442,0
DA:443,0
DA:444,0
DA:445,0
DA:447,0
DA:468,0
DA:472,0
DA:476,0
DA:477,0
DA:478,0
DA:480,0
DA:481,0
DA:482,0
DA:484,0
DA:488,0
DA:489,0
DA:490,0
DA:493,0
DA:497,0
DA:498,0
DA:499,0
DA:501,0
DA:505,0
DA:506,0
DA:513,0
DA:515,0
DA:516,0
DA:521,0
DA:524,0
DA:527,0
DA:528,0
DA:529,0
DA:530,0
DA:533,0
DA:535,0
DA:537,0
DA:541,0
DA:544,0
DA:545,0
DA:553,0
DA:554,0
DA:555,0
DA:556,0
DA:557,0
DA:558,0
DA:560,0
DA:567,0
DA:568,0
DA:569,0
DA:574,0
DA:576,0
DA:577,0
DA:579,0
DA:580,0
DA:585,0
DA:587,0
DA:589,0
DA:590,0
DA:593,0
DA:595,0
DA:596,0
DA:601,0
DA:603,0
DA:604,0
DA:606,0
DA:607,0
DA:628,0
DA:630,0
DA:633,0
DA:638,0
DA:640,0
DA:641,0
DA:642,0
DA:647,0
DA:654,0
DA:662,0
DA:664,0
DA:665,0
DA:666,0
DA:669,0
DA:671,0
DA:672,0
DA:674,0
DA:675,0
DA:677,0
DA:678,0
DA:679,0
DA:680,0
DA:682,0
DA:684,0
DA:685,0
DA:686,0
DA:687,0
DA:688,0
DA:692,0
DA:696,0
DA:697,0
DA:700,0
LF:234
LH:0
BRDA:17,0,0,0
BRDA:17,0,1,0
BRDA:55,1,0,0
BRDA:55,1,1,0
BRDA:67,2,0,0
BRDA:67,2,1,0
BRDA:80,3,0,0
BRDA:80,3,1,0
BRDA:81,4,0,0
BRDA:81,4,1,0
BRDA:82,5,0,0
BRDA:82,5,1,0
BRDA:92,6,0,0
BRDA:92,6,1,0
BRDA:93,7,0,0
BRDA:93,7,1,0
BRDA:94,8,0,0
BRDA:94,8,1,0
BRDA:137,9,0,0
BRDA:137,9,1,0
BRDA:141,10,0,0
BRDA:141,10,1,0
BRDA:143,11,0,0
BRDA:143,11,1,0
BRDA:155,12,0,0
BRDA:155,12,1,0
BRDA:173,13,0,0
BRDA:173,13,1,0
BRDA:183,14,0,0
BRDA:183,14,1,0
BRDA:194,15,0,0
BRDA:194,15,1,0
BRDA:198,16,0,0
BRDA:198,16,1,0
BRDA:202,17,0,0
BRDA:202,17,1,0
BRDA:202,17,2,0
BRDA:213,18,0,0
BRDA:213,18,1,0
BRDA:230,19,0,0
BRDA:230,19,1,0
BRDA:255,20,0,0
BRDA:255,20,1,0
BRDA:259,21,0,0
BRDA:259,21,1,0
BRDA:260,22,0,0
BRDA:260,22,1,0
BRDA:260,22,2,0
BRDA:261,23,0,0
BRDA:261,23,1,0
BRDA:261,23,2,0
BRDA:271,24,0,0
BRDA:271,24,1,0
BRDA:271,25,0,0
BRDA:271,25,1,0
BRDA:292,26,0,0
BRDA:292,26,1,0
BRDA:310,27,0,0
BRDA:310,27,1,0
BRDA:315,28,0,0
BRDA:315,28,1,0
BRDA:323,29,0,0
BRDA:323,29,1,0
BRDA:331,30,0,0
BRDA:331,30,1,0
BRDA:347,31,0,0
BRDA:352,32,0,0
BRDA:352,32,1,0
BRDA:359,33,0,0
BRDA:359,33,1,0
BRDA:365,34,0,0
BRDA:365,34,1,0
BRDA:380,35,0,0
BRDA:381,36,0,0
BRDA:381,36,1,0
BRDA:407,37,0,0
BRDA:407,37,1,0
BRDA:436,38,0,0
BRDA:436,38,1,0
BRDA:442,39,0,0
BRDA:442,39,1,0
BRDA:454,40,0,0
BRDA:454,40,1,0
BRDA:476,41,0,0
BRDA:476,41,1,0
BRDA:477,42,0,0
BRDA:477,42,1,0
BRDA:480,43,0,0
BRDA:480,43,1,0
BRDA:488,44,0,0
BRDA:488,44,1,0
BRDA:490,45,0,0
BRDA:490,45,1,0
BRDA:497,46,0,0
BRDA:497,46,1,0
BRDA:499,47,0,0
BRDA:499,47,1,0
BRDA:504,48,0,0
BRDA:524,49,0,0
BRDA:524,49,1,0
BRDA:527,50,0,0
BRDA:527,50,1,0
BRDA:528,51,0,0
BRDA:528,51,1,0
BRDA:533,52,0,0
BRDA:533,52,1,0
BRDA:533,52,2,0
BRDA:533,53,0,0
BRDA:533,53,1,0
BRDA:534,54,0,0
BRDA:534,54,1,0
BRDA:534,54,2,0
BRDA:534,55,0,0
BRDA:534,55,1,0
BRDA:554,56,0,0
BRDA:554,56,1,0
BRDA:556,57,0,0
BRDA:556,57,1,0
BRDA:556,58,0,0
BRDA:556,58,1,0
BRDA:558,59,0,0
BRDA:558,59,1,0
BRDA:558,60,0,0
BRDA:558,60,1,0
BRDA:569,61,0,0
BRDA:569,61,1,0
BRDA:569,62,0,0
BRDA:569,62,1,0
BRDA:574,63,0,0
BRDA:574,63,1,0
BRDA:587,64,0,0
BRDA:587,64,1,0
BRDA:601,65,0,0
BRDA:601,65,1,0
BRDA:638,66,0,0
BRDA:638,66,1,0
BRDA:665,67,0,0
BRDA:665,67,1,0
BRDA:678,68,0,0
BRDA:678,68,1,0
BRDA:679,69,0,0
BRDA:679,69,1,0
BRDA:680,70,0,0
BRDA:680,70,1,0
BRDA:686,71,0,0
BRDA:686,71,1,0
BRDA:687,72,0,0
BRDA:687,72,1,0
BRDA:696,73,0,0
BRDA:696,73,1,0
BRF:150
BRH:0
end_of_record
TN:
SF:fast-ai-client.js
FN:11,(anonymous_0)
FN:35,(anonymous_1)
FN:82,(anonymous_2)
FN:115,(anonymous_3)
FN:131,(anonymous_4)
FN:136,(anonymous_5)
FN:154,(anonymous_6)
FN:159,(anonymous_7)
FN:165,(anonymous_8)
FN:166,(anonymous_9)
FN:169,(anonymous_10)
FN:179,(anonymous_11)
FN:195,(anonymous_12)
FN:210,(anonymous_13)
FN:229,(anonymous_14)
FN:230,(anonymous_15)
FN:231,(anonymous_16)
FN:238,testFastAI
FNF:18
FNH:16
FNDA:10,(anonymous_0)
FNDA:3,(anonymous_1)
FNDA:7,(anonymous_2)
FNDA:1,(anonymous_3)
FNDA:2,(anonymous_4)
FNDA:1,(anonymous_5)
FNDA:1,(anonymous_6)
FNDA:2,(anonymous_7)
FNDA:384,(anonymous_8)
FNDA:384,(anonymous_9)
FNDA:2,(anonymous_10)
FNDA:5,(anonymous_11)
FNDA:0,(anonymous_12)
FNDA:4,(anonymous_13)
FNDA:4,(anonymous_14)
FNDA:3,(anonymous_15)
FNDA:7,(anonymous_16)
FNDA:0,testFastAI
DA:6,1
DA:7,1
DA:8,1
DA:12,10
DA:13,10
DA:16,10
DA:25,10
DA:28,10
DA:36,3
DA:38,3
DA:40,3
DA:57,1
DA:58,1
DA:61,2
DA:63,2
DA:65,2
DA:72,1
DA:73,1
DA:76,1
DA:77,1
DA:83,7
DA:85,7
DA:87,7
DA:92,6
DA:93,6
DA:96,1
DA:98,1
DA:100,1
DA:104,0
DA:105,0
DA:106,0
DA:109,1
DA:110,1
DA:116,1
DA:117,1
DA:119,1
DA:120,3
DA:121,3
DA:123,3
DA:130,1
DA:131,2
DA:137,1
DA:139,1
DA:140,1
DA:141,0
DA:142,0
DA:143,0
DA:144,0
DA:145,0
DA:146,0
DA:147,0
DA:148,0
DA:151,0
DA:156,1
DA:157,1
DA:159,1
DA:160,2
DA:161,2
DA:165,384
DA:166,384
DA:170,2
DA:171,2
DA:172,8
DA:173,8
DA:174,8
DA:176,2
DA:180,5
DA:182,5
DA:183,5
DA:184,5
DA:186,5
DA:187,1158
DA:188,1158
DA:189,1158
DA:192,5
DA:196,0
DA:201,0
DA:202,0
DA:203,0
DA:207,0
DA:211,4
DA:212,4
DA:214,4
DA:215,3
DA:216,1
DA:217,1
DA:218,0
DA:219,0
DA:222,4
DA:223,1
DA:226,4
DA:230,4
DA:231,7
DA:239,0
DA:240,0
DA:242,0
DA:245,0
DA:246,0
DA:247,0
DA:250,0
DA:255,0
DA:256,0
DA:258,0
DA:261,1
DA:262,0
DA:265,1
LF:106
LH:76
BRDA:12,0,0,10
BRDA:12,0,1,0
BRDA:25,1,0,10
BRDA:25,1,1,0
BRDA:92,2,0,6
BRDA:92,2,1,0
BRDA:93,3,0,6
BRDA:93,3,1,0
BRDA:93,4,0,0
BRDA:93,4,1,0
BRDA:105,5,0,0
BRDA:105,5,1,0
BRDA:106,6,0,0
BRDA:106,6,1,0
BRDA:106,7,0,0
BRDA:106,7,1,0
BRDA:139,8,0,1
BRDA:139,8,1,0
BRDA:139,9,0,1
BRDA:139,9,1,0
BRDA:139,9,2,0
BRDA:139,9,3,0
BRDA:141,10,0,0
BRDA:141,10,1,0
BRDA:141,11,0,0
BRDA:141,11,1,0
BRDA:141,11,2,0
BRDA:141,11,3,0
BRDA:143,12,0,0
BRDA:143,12,1,0
BRDA:143,13,0,0
BRDA:143,13,1,0
BRDA:143,13,2,0
BRDA:143,13,3,0
BRDA:145,14,0,0
BRDA:145,14,1,0
BRDA:145,15,0,0
BRDA:145,15,1,0
BRDA:145,15,2,0
BRDA:145,15,3,0
BRDA:147,16,0,0
BRDA:147,16,1,0
BRDA:147,17,0,0
BRDA:147,17,1,0
BRDA:147,17,2,0
BRDA:147,17,3,0
BRDA:166,18,0,384
BRDA:166,18,1,0
BRDA:180,19,0,0
BRDA:180,19,1,5
BRDA:202,20,0,0
BRDA:202,20,1,0
BRDA:211,21,0,4
BRDA:211,21,1,3
BRDA:211,22,0,4
BRDA:211,22,1,3
BRDA:214,23,0,3
BRDA:214,23,1,1
BRDA:216,24,0,1
BRDA:216,24,1,0
BRDA:218,25,0,0
BRDA:218,25,1,0
BRDA:222,26,0,1
BRDA:222,26,1,3
BRDA:226,27,0,4
BRDA:226,27,1,0
BRDA:231,28,0,7
BRDA:231,28,1,6
BRDA:261,29,0,0
BRDA:261,29,1,1
BRF:70
BRH:21
end_of_record
